{
  "stats": {
    "suites": 6,
    "tests": 30,
    "passes": 30,
    "pending": 0,
    "failures": 0,
    "testsRegistered": 30,
    "passPercent": 100,
    "pendingPercent": 0,
    "other": 0,
    "hasOther": false,
    "skipped": 0,
    "hasSkipped": false,
    "start": "2026-07-28T19:42:26.280Z",
    "end": "2026-07-28T19:43:35.903Z",
    "duration": 69623
  },
  "results": [
    {
      "uuid": "4911e0fa-d1c9-42fb-bce2-3e6671b8b6e4",
      "title": "",
      "fullFile": "cypress\\e2e\\pagination.cy.js",
      "file": "cypress\\e2e\\pagination.cy.js",
      "beforeHooks": [],
      "afterHooks": [],
      "tests": [],
      "suites": [
        {
          "uuid": "62339329-bbe2-474b-bcc8-1b69855d2460",
          "title": "Paginación de recetas",
          "fullFile": "",
          "file": "",
          "beforeHooks": [],
          "afterHooks": [],
          "tests": [
            {
              "title": "Muestra solo 6 recetas por página y permite navegar",
              "fullTitle": "Paginación de recetas Muestra solo 6 recetas por página y permite navegar",
              "timedOut": null,
              "duration": 2249,
              "state": "passed",
              "speed": "fast",
              "pass": true,
              "fail": false,
              "pending": false,
              "context": null,
              "code": "const recetasMock = Array.from({\n  length: 12\n}, (_, i) => ({\n  _id: `${i + 1}`,\n  titulo: `Receta ${i + 1}`,\n  ingredientes: [\"ingrediente\"],\n  imagen: \"https://res.cloudinary.com/dzaqvpxqk/image/upload/v1773853635/recetas/ux6fcesvzxl3scqe0hmy.jpg\",\n  usuario: {\n    _id: \"123\",\n    nombre: \"test\"\n  },\n  categoria: \"Postre\",\n  tiempoPreparacion: 10,\n  dificultad: \"Fácil\"\n}));\ncy.intercept(\"GET\", \"**/api/recetas\", {\n  statusCode: 200,\n  body: recetasMock\n}).as(\"getRecetas\");\ncy.visit(\"/inicio\");\ncy.wait(\"@getRecetas\");\n// Página 1\ncy.get(\"#recetas .tarjeta-receta\").should(\"have.length\", 6);\ncy.get(\"#recetas\").within(() => {\n  cy.contains(\"Receta 1\").should(\"be.visible\");\n  cy.contains(\"Receta 6\").should(\"be.visible\");\n  cy.contains(\"Receta 7\").should(\"not.exist\");\n});\n// Ir a página 2\ncy.contains(\"button\", \"Siguiente\").click();\n// Página 2\ncy.get(\"#recetas .tarjeta-receta\").should(\"have.length\", 6);\ncy.get(\"#recetas\").within(() => {\n  cy.contains(\"Receta 7\").should(\"be.visible\");\n  cy.contains(\"Receta 12\").should(\"be.visible\");\n  cy.contains(\"Receta 6\").should(\"not.exist\");\n});\ncy.contains(\"button\", \"Siguiente\").should(\"be.disabled\");\n// Volver a página 1\ncy.contains(\"button\", \"Anterior\").click();\ncy.get(\"#recetas .tarjeta-receta\").should(\"have.length\", 6);\ncy.get(\"#recetas\").within(() => {\n  cy.contains(\"Receta 1\").should(\"be.visible\");\n  cy.contains(\"Receta 6\").should(\"be.visible\");\n});\ncy.contains(\"Receta 7\").should(\"not.exist\");",
              "err": {},
              "uuid": "89b80dc0-0c49-4759-9d97-3cb4100fe1fb",
              "parentUUID": "62339329-bbe2-474b-bcc8-1b69855d2460",
              "isHook": false,
              "skipped": false
            }
          ],
          "suites": [],
          "passes": [
            "89b80dc0-0c49-4759-9d97-3cb4100fe1fb"
          ],
          "failures": [],
          "pending": [],
          "skipped": [],
          "duration": 2249,
          "root": false,
          "rootEmpty": false,
          "_timeout": 2000
        }
      ],
      "passes": [],
      "failures": [],
      "pending": [],
      "skipped": [],
      "duration": 0,
      "root": true,
      "rootEmpty": true,
      "_timeout": 2000
    },
    {
      "uuid": "dd3a6154-db5e-4b58-be0e-815cadf3474b",
      "title": "",
      "fullFile": "cypress\\e2e\\profile.cy.js",
      "file": "cypress\\e2e\\profile.cy.js",
      "beforeHooks": [],
      "afterHooks": [],
      "tests": [],
      "suites": [
        {
          "uuid": "5565355b-d26a-486d-bc03-821b26da0316",
          "title": "Verificacion de perfil de usuario",
          "fullFile": "",
          "file": "",
          "beforeHooks": [],
          "afterHooks": [],
          "tests": [
            {
              "title": "Deberia mostrar el perfil del usuario",
              "fullTitle": "Verificacion de perfil de usuario Deberia mostrar el perfil del usuario",
              "timedOut": null,
              "duration": 1428,
              "state": "passed",
              "speed": "fast",
              "pass": true,
              "fail": false,
              "pending": false,
              "context": null,
              "code": "// Simular login\ncy.visit(\"/inicio\", {\n  onBeforeLoad(win) {\n    win.localStorage.setItem(\"usuario\", JSON.stringify(usuarioMock));\n  }\n});\n// Ir a la página de perfil\ncy.visit(\"/perfil/123456789\");\ncy.contains(\"Perfil del usuario\").should(\"be.visible\");\ncy.get(\".output-nombre-usuario-texto\").should(\"contain\", usuarioMock.nombre);\ncy.get(\".output-email-usuario-texto\").should(\"contain\", usuarioMock.email);\ncy.get(\".imagen-perfil\").should(\"have.attr\", \"src\", usuarioMock.imagenPerfil);",
              "err": {},
              "uuid": "b7ba220e-0ad9-4eb6-bd5e-0754b39c3bcd",
              "parentUUID": "5565355b-d26a-486d-bc03-821b26da0316",
              "isHook": false,
              "skipped": false
            },
            {
              "title": "Deberia mostrar recetas del usuario",
              "fullTitle": "Verificacion de perfil de usuario Deberia mostrar recetas del usuario",
              "timedOut": null,
              "duration": 1445,
              "state": "passed",
              "speed": "fast",
              "pass": true,
              "fail": false,
              "pending": false,
              "context": null,
              "code": "// Simular login\ncy.visit(\"/inicio\", {\n  onBeforeLoad(win) {\n    win.localStorage.setItem(\"usuario\", JSON.stringify(usuarioMock));\n  }\n});\ncy.intercept(\"GET\", \"/api/recetas/usuario/123456789\", {\n  statusCode: 200,\n  body: [{\n    _id: \"id1\",\n    titulo: \"Receta 1\",\n    descripcion: \"Descripción de la receta 1\"\n  }, {\n    _id: \"id2\",\n    titulo: \"Receta 2\",\n    descripcion: \"Descripción de la receta 2\"\n  }]\n}).as(\"getRecetasUsuario\");\n// Ir a la página de perfil\ncy.visit(\"/perfil/123456789\");\ncy.wait(\"@getRecetasUsuario\");\ncy.contains(\"Perfil del usuario\").should(\"be.visible\");\n// Verificar que las recetas del usuario se muestran\ncy.contains(\"Ver recetas del usuario\").should(\"be.visible\").click();\n//Verifico que se encuentren las 2 recetas mockeadas en el panel\ncy.get(\".recetas-del-usuario\").within(() => {\n  cy.contains(\"Receta 1\").should(\"be.visible\");\n  cy.contains(\"Receta 2\").should(\"be.visible\");\n});",
              "err": {},
              "uuid": "a2ea042f-b3a0-4fec-a00a-d1570dfc1956",
              "parentUUID": "5565355b-d26a-486d-bc03-821b26da0316",
              "isHook": false,
              "skipped": false
            },
            {
              "title": "Navegacion a detalle de receta desde el panel de recetas en el perfil del usuario",
              "fullTitle": "Verificacion de perfil de usuario Navegacion a detalle de receta desde el panel de recetas en el perfil del usuario",
              "timedOut": null,
              "duration": 1117,
              "state": "passed",
              "speed": "fast",
              "pass": true,
              "fail": false,
              "pending": false,
              "context": null,
              "code": "//Intercept necesario para mostrar el detalle de la receta al hacer click en la receta mockeada\ncy.intercept(\"GET\", \"/api/detalles/id1\", {\n  statusCode: 200,\n  body: {\n    _id: \"id1\",\n    titulo: \"Receta 1\",\n    ingredientesCantidades: [],\n    pasos: [],\n    comentarios: [],\n    usuario: {\n      _id: usuarioMock._id,\n      nombre: usuarioMock.nombre,\n      email: usuarioMock.email\n    }\n  }\n}).as(\"getDetalleReceta\");\ncy.intercept(\"GET\", \"**/api/valoraciones/**\", {\n  statusCode: 200,\n  body: {\n    valoracionUsuario: 0\n  }\n}).as(\"getValoracion\");\n// Simular login\ncy.visit(\"/inicio\", {\n  onBeforeLoad(win) {\n    win.localStorage.setItem(\"usuario\", JSON.stringify(usuarioMock));\n  }\n});\ncy.intercept(\"GET\", \"/api/recetas/usuario/123456789\", {\n  statusCode: 200,\n  body: [{\n    _id: \"id1\",\n    titulo: \"Receta 1\",\n    descripcion: \"Descripción de la receta 1\"\n  }]\n}).as(\"getRecetasUsuario\");\n// Ir a la página de perfil\ncy.visit(\"/perfil/123456789\");\ncy.wait(\"@getRecetasUsuario\");\n// Verificar que las recetas del usuario se muestran\ncy.contains(\"Ver recetas del usuario\").should(\"be.visible\").click();\n// Verificar que se navega al detalle de la receta al hacer click\ncy.get(\".recetas-del-usuario\").within(() => {\n  cy.contains(\"Receta 1\").should(\"be.visible\").click();\n});\ncy.wait(\"@getDetalleReceta\");\n// Verificar que se navega a la página de detalle de la receta\ncy.url().should(\"include\", \"/detalle-receta/receta-1/id1\");",
              "err": {},
              "uuid": "679592e2-63e3-4235-9ba8-9139269838e7",
              "parentUUID": "5565355b-d26a-486d-bc03-821b26da0316",
              "isHook": false,
              "skipped": false
            },
            {
              "title": "Deberia mostrar mensaje de error al no encontrar recetas del usuario",
              "fullTitle": "Verificacion de perfil de usuario Deberia mostrar mensaje de error al no encontrar recetas del usuario",
              "timedOut": null,
              "duration": 823,
              "state": "passed",
              "speed": "fast",
              "pass": true,
              "fail": false,
              "pending": false,
              "context": null,
              "code": "// Simular login\ncy.visit(\"/inicio\", {\n  onBeforeLoad(win) {\n    win.localStorage.setItem(\"usuario\", JSON.stringify(usuarioMock));\n  }\n});\n// Simular error al obtener recetas del usuario trayendio un array vacio\ncy.intercept(\"GET\", \"/api/recetas/usuario/123456789\", {\n  statusCode: 200,\n  body: []\n}).as(\"getRecetasUsuarioVacio\");\n// Ir a la página de perfil\ncy.visit(\"/perfil/123456789\");\ncy.wait(\"@getRecetasUsuarioVacio\");\ncy.get(\".link-lista-recetas\").should(\"be.visible\").click();\n// Verificar que se muestra el mensaje de error\ncy.get(\".recetas-del-usuario\").contains(\"No tienes recetas subidas aún.\").should(\"be.visible\");",
              "err": {},
              "uuid": "31048b3c-aa71-41fa-93c8-ff087b84c22d",
              "parentUUID": "5565355b-d26a-486d-bc03-821b26da0316",
              "isHook": false,
              "skipped": false
            },
            {
              "title": "Deberia mostrar mensaje de no notificaciones en el perfil del usuario",
              "fullTitle": "Verificacion de perfil de usuario Deberia mostrar mensaje de no notificaciones en el perfil del usuario",
              "timedOut": null,
              "duration": 810,
              "state": "passed",
              "speed": "fast",
              "pass": true,
              "fail": false,
              "pending": false,
              "context": null,
              "code": "// Simular login\ncy.visit(\"/inicio\", {\n  onBeforeLoad(win) {\n    win.localStorage.setItem(\"usuario\", JSON.stringify(usuarioMock));\n  }\n});\n// Ir a la página de perfil\ncy.visit(\"/perfil/123456789\");\n// Verificar que se muestra el mensaje de que no hay notificaciones\ncy.get(\".icono-notificaciones\").should(\"be.visible\").click();\ncy.get(\".lista-notificaciones\").contains(\"No tienes notificaciones.\").should(\"be.visible\");",
              "err": {},
              "uuid": "e3908a3c-fabc-43f1-8308-75a3030350a2",
              "parentUUID": "5565355b-d26a-486d-bc03-821b26da0316",
              "isHook": false,
              "skipped": false
            },
            {
              "title": "Deberia mostrar notificaciones en el perfil del usuario",
              "fullTitle": "Verificacion de perfil de usuario Deberia mostrar notificaciones en el perfil del usuario",
              "timedOut": null,
              "duration": 1661,
              "state": "passed",
              "speed": "fast",
              "pass": true,
              "fail": false,
              "pending": false,
              "context": null,
              "code": "// Simular login\ncy.visit(\"/inicio\", {\n  onBeforeLoad(win) {\n    win.localStorage.setItem(\"usuario\", JSON.stringify(usuarioMock));\n  }\n});\ncy.intercept(\"GET\", \"**/api/notificaciones/123456789\", {\n  statusCode: 200,\n  body: [{\n    _id: \"notificacion1\",\n    usuarioDestino: 123456789,\n    mensaje: \"@usuario1 comentó en tu receta 'Receta 1'\",\n    enlace: \"/detalle-receta/receta-1/id1\",\n    leida: false\n  }]\n}).as(\"getNotificacionesUsuario\");\ncy.intercept(\"PUT\", \"**/api/notificaciones/marcarLeida/notificacion1\", {\n  statusCode: 200,\n  body: {}\n}).as(\"marcarLeida\");\ncy.intercept(\"GET\", \"**/api/detalles/id1\", {\n  statusCode: 200,\n  body: {\n    _id: \"id1\",\n    titulo: \"Receta 1\",\n    categoria: \"Veggie\",\n    dificultad: \"Intermedio\",\n    tiempoPreparacion: 30,\n    ingredientesCantidades: [\"100g\"],\n    pasos: [\"Paso 1\"],\n    comentarios: [],\n    usuario: {\n      _id: usuarioMock._id,\n      nombre: usuarioMock.nombre,\n      email: usuarioMock.email\n    },\n    imagen: \"/images/default-imagen-perfil.jpg\"\n  }\n}).as(\"detalle\");\ncy.intercept(\"GET\", \"**/api/recetas/usuario/**\", {\n  statusCode: 200,\n  body: []\n}).as(\"getRecetasUsuario\");\ncy.intercept(\"GET\", \"**/api/valoraciones/**\", {\n  statusCode: 200,\n  body: {\n    valoracionUsuario: 0\n  }\n}).as(\"getValoracion\");\ncy.intercept(\"GET\", `**/api/usuarios/${usuarioMock._id}/favoritos`, {\n  statusCode: 200,\n  body: []\n}).as(\"getFavoritos\");\n// Ir a la página de perfil\ncy.visit(`/perfil/${usuarioMock._id}`);\ncy.wait(\"@getNotificacionesUsuario\");\n// Verificar que se muestra la notificación\ncy.get(\".icono-notificaciones\").should(\"be.visible\").click();\ncy.get(\".lista-notificaciones\").within(() => {\n  cy.contains(\"@usuario1 comentó en tu receta 'Receta 1'\").should(\"be.visible\").click();\n});\ncy.wait(\"@detalle\");\ncy.wait(\"@getValoracion\");\n// Verificar que se navega al detalle de la receta al hacer click en la notificación\ncy.location(\"pathname\").should(\"include\", \"/detalle-receta\");",
              "err": {},
              "uuid": "0a298782-1b91-4dc1-8056-30526fcc2736",
              "parentUUID": "5565355b-d26a-486d-bc03-821b26da0316",
              "isHook": false,
              "skipped": false
            },
            {
              "title": "Deberia navegar al detalle y mostrar la receta",
              "fullTitle": "Verificacion de perfil de usuario Deberia navegar al detalle y mostrar la receta",
              "timedOut": null,
              "duration": 753,
              "state": "passed",
              "speed": "fast",
              "pass": true,
              "fail": false,
              "pending": false,
              "context": null,
              "code": "// Simular click en una receta del usuario\ncy.intercept(\"GET\", \"**/api/recetas/usuario/123456789\", {\n  statusCode: 200,\n  body: [{\n    _id: \"id1\",\n    titulo: \"Receta 1\",\n    categoria: \"Veggie\",\n    dificultad: \"Intermedia\",\n    ingredientes: [\"Ingrediente 1\", \"Ingrediente 2\"],\n    pasos: [\"Paso 1\", \"Paso 2\"],\n    descripcion: \"Descripción de la receta 1\",\n    usuario: usuarioMock._id,\n    valoracion: 0,\n    ingredientesCantidades: [\"Ingrediente 1:100g \\n Ingrediente 2: 200g\"]\n  }]\n}).as(\"getRecetasUsuario\");\ncy.intercept(\"GET\", \"**/api/detalles/id1\", {\n  statusCode: 200,\n  body: {\n    _id: \"id1\",\n    titulo: \"Receta 1\",\n    categoria: \"Veggie\",\n    dificultad: \"Intermedio\",\n    ingredientes: [\"Ingrediente 1\", \"Ingrediente 2\"],\n    pasos: [\"Paso 1\", \"Paso 2\"],\n    usuario: {\n      _id: usuarioMock._id,\n      nombre: usuarioMock.nombre,\n      email: usuarioMock.email\n    },\n    valoracion: 0,\n    tiempoPreparacion: 30,\n    ingredientesCantidades: [\"Ingrediente 1:100g \\n Ingrediente 2: 200g\"],\n    comentarios: [],\n    imagen: \"/images/default-imagen-perfil.jpg\"\n  }\n}).as(\"getDetalleReceta\");\ncy.intercept(\"GET\", \"**/api/valoraciones/**\", {\n  statusCode: 200,\n  body: {\n    valoracionUsuario: 0\n  }\n}).as(\"getValoracion\");\n// Simular login\ncy.visit(\"/inicio\", {\n  onBeforeLoad(win) {\n    win.localStorage.setItem(\"usuario\", JSON.stringify(usuarioMock));\n  }\n});\n// Ir a la página de perfil\ncy.visit(\"/perfil/123456789\");\ncy.wait(\"@getRecetasUsuario\");\ncy.contains(\"Ver recetas del usuario\").should(\"be.visible\").click();\ncy.get(\".recetas-del-usuario\").within(() => {\n  cy.contains(\"Receta 1\").should(\"be.visible\").click();\n});\ncy.wait(\"@getDetalleReceta\");\n// Verificar que se navega a la página de detalle de la receta\ncy.url().should(\"include\", \"/detalle-receta/receta-1/id1\");\n// Verificar que se muestra el título y descripción de la receta\ncy.contains(\"Receta \").should(\"be.visible\");",
              "err": {},
              "uuid": "cfeb81b0-6efc-4f70-9469-ed13e51a71f6",
              "parentUUID": "5565355b-d26a-486d-bc03-821b26da0316",
              "isHook": false,
              "skipped": false
            },
            {
              "title": "Deberia permitir editar el perfil del usuario",
              "fullTitle": "Verificacion de perfil de usuario Deberia permitir editar el perfil del usuario",
              "timedOut": null,
              "duration": 2847,
              "state": "passed",
              "speed": "fast",
              "pass": true,
              "fail": false,
              "pending": false,
              "context": null,
              "code": "// Simular login\ncy.visit(\"/inicio\", {\n  onBeforeLoad(win) {\n    win.localStorage.setItem(\"usuario\", JSON.stringify(usuarioMock));\n  }\n});\ncy.intercept(\"PUT\", \"**/api/usuarios/actualizarPerfil/123456789\", req => {\n  req.reply({\n    statusCode: 200,\n    body: req.body\n  });\n}).as(\"putUsuario\");\n// Ir a la página de perfil\ncy.visit(\"/perfil/usuarioMock._id\");\ncy.get(\".output-nombre-usuario-texto\").should(\"contain\", usuarioMock.nombre);\ncy.get(\".output-email-usuario-texto\").should(\"contain\", usuarioMock.email);\ncy.get(\".btn-editar-user\").should(\"be.visible\").click();\ncy.get(\".input-nuevo-nombre\").should(\"be.visible\").clear().type(\"NuevoNombre\");\ncy.get(\".btn-guardar-icon\").should(\"be.visible\").click();\ncy.contains(\"OK\").should(\"be.visible\").click();\ncy.wait(\"@putUsuario\").then(({\n  request\n}) => {\n  expect(request.body.nombre).to.eq(\"NuevoNombre\");\n});\ncy.get(\".btn-editar-email\").should(\"be.visible\").click();\ncy.get(\".input-nuevo-email\").should(\"be.visible\").clear().type(\"nuevoemail@example.com\");\ncy.get(\".btn-guardar-icon\").should(\"be.visible\").click();\ncy.contains(\"OK\").should(\"be.visible\").click();\ncy.wait(\"@putUsuario\").then(({\n  request\n}) => {\n  expect(request.body.email).to.eq(\"nuevoemail@example.com\");\n  expect(request.body.nombre).to.eq(\"NuevoNombre\");\n});",
              "err": {},
              "uuid": "a2a24c13-beb8-4939-a28f-09c39b7c0a4e",
              "parentUUID": "5565355b-d26a-486d-bc03-821b26da0316",
              "isHook": false,
              "skipped": false
            }
          ],
          "suites": [],
          "passes": [
            "b7ba220e-0ad9-4eb6-bd5e-0754b39c3bcd",
            "a2ea042f-b3a0-4fec-a00a-d1570dfc1956",
            "679592e2-63e3-4235-9ba8-9139269838e7",
            "31048b3c-aa71-41fa-93c8-ff087b84c22d",
            "e3908a3c-fabc-43f1-8308-75a3030350a2",
            "0a298782-1b91-4dc1-8056-30526fcc2736",
            "cfeb81b0-6efc-4f70-9469-ed13e51a71f6",
            "a2a24c13-beb8-4939-a28f-09c39b7c0a4e"
          ],
          "failures": [],
          "pending": [],
          "skipped": [],
          "duration": 10884,
          "root": false,
          "rootEmpty": false,
          "_timeout": 2000
        }
      ],
      "passes": [],
      "failures": [],
      "pending": [],
      "skipped": [],
      "duration": 0,
      "root": true,
      "rootEmpty": true,
      "_timeout": 2000
    },
    {
      "uuid": "46ce3c9d-3050-4537-a88b-0d3bded0ff3f",
      "title": "",
      "fullFile": "cypress\\e2e\\protectedRoutes.cy.js",
      "file": "cypress\\e2e\\protectedRoutes.cy.js",
      "beforeHooks": [],
      "afterHooks": [],
      "tests": [],
      "suites": [
        {
          "uuid": "956c0d6a-9068-4d26-b8e4-5fabdeab1802",
          "title": "Verificar rutas protegidas",
          "fullFile": "",
          "file": "",
          "beforeHooks": [],
          "afterHooks": [],
          "tests": [
            {
              "title": "verifica que este restringida la ruta",
              "fullTitle": "Verificar rutas protegidas verifica que este restringida la ruta",
              "timedOut": null,
              "duration": 363,
              "state": "passed",
              "speed": "fast",
              "pass": true,
              "fail": false,
              "pending": false,
              "context": null,
              "code": "cy.clearLocalStorage();\ncy.visit(\"/crear-receta\");\ncy.contains(\"Acceso restringido\").should(\"be.visible\");\ncy.get(\".btn-login\").should(\"be.visible\");",
              "err": {},
              "uuid": "461f2977-85ee-43b7-81b5-ede4694e245b",
              "parentUUID": "956c0d6a-9068-4d26-b8e4-5fabdeab1802",
              "isHook": false,
              "skipped": false
            },
            {
              "title": "verificar que se muestra la pagina con un usuario logueado",
              "fullTitle": "Verificar rutas protegidas verificar que se muestra la pagina con un usuario logueado",
              "timedOut": null,
              "duration": 574,
              "state": "passed",
              "speed": "fast",
              "pass": true,
              "fail": false,
              "pending": false,
              "context": null,
              "code": "cy.visit(\"/inicio\");\ncy.window().then(win => {\n  win.localStorage.setItem(\"usuario\", JSON.stringify({\n    id: 1,\n    nombre: \"testing\",\n    email: \"test@test.com\",\n    token: \"fake-token\"\n  }));\n});\ncy.visit(\"/crear-receta\");\ncy.contains(\"Agregar nueva receta\").should(\"be.visible\");",
              "err": {},
              "uuid": "f2c9141b-c28f-441d-96c9-5e16f208683b",
              "parentUUID": "956c0d6a-9068-4d26-b8e4-5fabdeab1802",
              "isHook": false,
              "skipped": false
            }
          ],
          "suites": [],
          "passes": [
            "461f2977-85ee-43b7-81b5-ede4694e245b",
            "f2c9141b-c28f-441d-96c9-5e16f208683b"
          ],
          "failures": [],
          "pending": [],
          "skipped": [],
          "duration": 937,
          "root": false,
          "rootEmpty": false,
          "_timeout": 2000
        }
      ],
      "passes": [],
      "failures": [],
      "pending": [],
      "skipped": [],
      "duration": 0,
      "root": true,
      "rootEmpty": true,
      "_timeout": 2000
    },
    {
      "uuid": "b0cc1e81-fe8a-43ae-8146-f98a6538bb18",
      "title": "",
      "fullFile": "cypress\\e2e\\recipe.cy.js",
      "file": "cypress\\e2e\\recipe.cy.js",
      "beforeHooks": [],
      "afterHooks": [],
      "tests": [],
      "suites": [
        {
          "uuid": "11f7fe2e-ce16-4ede-827a-97562144b1b0",
          "title": "Flujo de recetas",
          "fullFile": "",
          "file": "",
          "beforeHooks": [],
          "afterHooks": [],
          "tests": [
            {
              "title": "Muestra recetas correctamente en el listado",
              "fullTitle": "Flujo de recetas Muestra recetas correctamente en el listado",
              "timedOut": null,
              "duration": 1463,
              "state": "passed",
              "speed": "fast",
              "pass": true,
              "fail": false,
              "pending": false,
              "context": null,
              "code": "cy.visit(\"/inicio\");\ncy.get(\"#recetas .tarjeta-receta\").should(\"have.length.greaterThan\", 0);\ncy.get(\"#recetas .tarjeta-receta\").first().within(() => {\n  cy.get(\"h2\").should(\"not.be.empty\");\n  cy.contains(\"Categoría\").should(\"be.visible\");\n  cy.contains(\"Tiempo de preparación\").should(\"be.visible\");\n  cy.get(\"img\").should(\"be.visible\").and($img => {\n    expect($img[0].naturalWidth).to.be.greaterThan(0);\n  });\n  cy.contains(\"Ver más\").should(\"be.visible\");\n});",
              "err": {},
              "uuid": "76a0039e-7ef2-4f61-b6fd-e5f566ce68b0",
              "parentUUID": "11f7fe2e-ce16-4ede-827a-97562144b1b0",
              "isHook": false,
              "skipped": false
            },
            {
              "title": "Permite navegar al detalle de una receta",
              "fullTitle": "Flujo de recetas Permite navegar al detalle de una receta",
              "timedOut": null,
              "duration": 1882,
              "state": "passed",
              "speed": "fast",
              "pass": true,
              "fail": false,
              "pending": false,
              "context": null,
              "code": "cy.visit(\"/inicio\");\ncy.get(\"#recetas .tarjeta-receta\").first().within(() => {\n  cy.contains(\"Ver más\").click();\n});\ncy.url().should(\"include\", \"/detalle-receta\");\ncy.contains(\"Detalles de la receta\").should(\"be.visible\");\ncy.get(\".panel-img\").should(\"be.visible\").and($img => {\n  expect($img[0].naturalWidth).to.be.greaterThan(0);\n});",
              "err": {},
              "uuid": "1c6e24ef-c828-4ddf-85b2-88ce265a2ea5",
              "parentUUID": "11f7fe2e-ce16-4ede-827a-97562144b1b0",
              "isHook": false,
              "skipped": false
            },
            {
              "title": "Muestra mensaje cuando no hay recetas",
              "fullTitle": "Flujo de recetas Muestra mensaje cuando no hay recetas",
              "timedOut": null,
              "duration": 403,
              "state": "passed",
              "speed": "fast",
              "pass": true,
              "fail": false,
              "pending": false,
              "context": null,
              "code": "cy.intercept(\"GET\", \"**/api/recetas\", {\n  statusCode: 200,\n  body: []\n}).as(\"getRecetas\");\ncy.visit(\"/inicio\");\ncy.wait(\"@getRecetas\");\ncy.contains(\"Aún no tienes recetas\").should(\"be.visible\");",
              "err": {},
              "uuid": "3ac549b1-3edc-4e0b-9b69-4827bc125a65",
              "parentUUID": "11f7fe2e-ce16-4ede-827a-97562144b1b0",
              "isHook": false,
              "skipped": false
            },
            {
              "title": "Muestra correctamente la valoración promedio en las tarjetas",
              "fullTitle": "Flujo de recetas Muestra correctamente la valoración promedio en las tarjetas",
              "timedOut": null,
              "duration": 306,
              "state": "passed",
              "speed": "fast",
              "pass": true,
              "fail": false,
              "pending": false,
              "context": null,
              "code": "cy.intercept(\"GET\", \"**/api/recetas\", {\n  statusCode: 200,\n  body: [{\n    _id: \"1\",\n    titulo: \"Receta test\",\n    ingredientes: [\"ingrediente\"],\n    imagen: \"https://res.cloudinary.com/dzaqvpxqk/image/upload/v1773853635/recetas/ux6fcesvzxl3scqe0hmy.jpg\",\n    usuario: {\n      _id: \"1\",\n      nombre: \"test\"\n    },\n    categoria: \"Postre\",\n    tiempoPreparacion: 10,\n    dificultad: \"Fácil\",\n    valoracion: 3\n  }]\n}).as(\"getRecetas\");\ncy.visit(\"/inicio\");\ncy.wait(\"@getRecetas\");\ncy.get(\"#recetas .tarjeta-receta\").first().within(() => {\n  cy.get(\".estrellas .fas.fa-star\").should(\"have.length\", 3);\n  cy.get(\".estrellas .far.fa-star\").should(\"have.length\", 2);\n});",
              "err": {},
              "uuid": "bc5696fb-d86a-472e-aae2-48ac404c705a",
              "parentUUID": "11f7fe2e-ce16-4ede-827a-97562144b1b0",
              "isHook": false,
              "skipped": false
            },
            {
              "title": "Muestra correctamente los detalles de una receta",
              "fullTitle": "Flujo de recetas Muestra correctamente los detalles de una receta",
              "timedOut": null,
              "duration": 1089,
              "state": "passed",
              "speed": "fast",
              "pass": true,
              "fail": false,
              "pending": false,
              "context": null,
              "code": "cy.visit(\"/inicio\");\ncy.get(\"#recetas .tarjeta-receta\").first().within(() => {\n  cy.contains(\"Ver más\").click();\n});\ncy.url().should(\"include\", \"/detalle-receta\");\ncy.get(\"#imagen-receta-preview\").should(\"be.visible\").and($img => {\n  expect($img[0].naturalWidth).to.be.greaterThan(0);\n});\ncy.get(\".detalles-titulo\").should(\"not.be.empty\");\ncy.get(\".detalles-categoria\").should(\"not.be.empty\");\ncy.get(\".detalles-tiempo-dificultad\").should(\"not.be.empty\");\ncy.get(\".detalles-cantidades\").should(\"not.be.empty\");\ncy.get(\".detalles-pasos\").should(\"not.be.empty\");",
              "err": {},
              "uuid": "bafed8a6-c2e2-4457-8ab9-31755b9c4a4a",
              "parentUUID": "11f7fe2e-ce16-4ede-827a-97562144b1b0",
              "isHook": false,
              "skipped": false
            },
            {
              "title": "Simular usuario y mostrar elementos del dom ",
              "fullTitle": "Flujo de recetas Simular usuario y mostrar elementos del dom ",
              "timedOut": null,
              "duration": 1462,
              "state": "passed",
              "speed": "fast",
              "pass": true,
              "fail": false,
              "pending": false,
              "context": null,
              "code": "// Simular logueo de usuario para que se muestren los botones de crear receta, agregar a favoritos, que se muestre en la seccion y valorar receta\ncy.intercept(\"GET\", \"**/favoritos\", {\n  statusCode: 200,\n  body: []\n}).as(\"getFavs\");\ncy.intercept(\"POST\", \"**/favoritos\", {\n  statusCode: 200,\n  body: {\n    ok: true\n  }\n}).as(\"postFav\");\ncy.intercept(\"GET\", \"**/api/valoraciones/**\", {\n  statusCode: 200,\n  body: {\n    valoracionUsuario: 3\n  }\n}).as(\"getValoracion\");\ncy.visit(\"/inicio\", {\n  onBeforeLoad(win) {\n    win.localStorage.setItem(\"usuario\", JSON.stringify({\n      _id: \"123456789\",\n      nombre: \"test\",\n      email: \"test@test.com\"\n    }));\n  }\n});\ncy.wait(\"@getFavs\");\ncy.get(\".add-recipe-btn\").should(\"be.visible\");\ncy.get(\"#recetas .tarjeta-receta\").first().within(() => {\n  cy.get(\".icono-favorito\").should(\"be.visible\").click();\n});\ncy.wait(\"@postFav\");\ncy.get(\"#favoritos .tarjeta-receta\").should(\"have.length.greaterThan\", 0);\ncy.get(\".mensaje-no-recetas-favoritas\").should(\"not.exist\");\n//Verificar que el corazón cambió a estado \"favorito\" y que el boton de ver más lleva al detalle de la receta\ncy.get(\"#recetas .tarjeta-receta\").first().within(() => {\n  cy.get(\".icono-favorito\").should(\"have.class\", \"favorito\");\n  cy.contains(\"Ver más\").should(\"be.visible\").click();\n  cy.url().should(\"include\", \"/detalle-receta\");\n});\n// esperar valoración\ncy.wait(\"@getValoracion\");\n// validar estrellas del usuario\ncy.get(\".detalles-valoracion i\").should(\"have.length\", 5);\ncy.get(\".detalles-valoracion .fas.fa-star\").should(\"have.length\", 3);\ncy.get(\".detalles-valoracion .far.fa-star\").should(\"have.length\", 2);\n//  botón volver\ncy.contains(\"Ver otras recetas\").click();\ncy.url().should(\"include\", \"/inicio\");",
              "err": {},
              "uuid": "4548aaad-6e05-47b8-9ca0-db4a35f522de",
              "parentUUID": "11f7fe2e-ce16-4ede-827a-97562144b1b0",
              "isHook": false,
              "skipped": false
            },
            {
              "title": "Permite cerrar sesión correctamente",
              "fullTitle": "Flujo de recetas Permite cerrar sesión correctamente",
              "timedOut": null,
              "duration": 403,
              "state": "passed",
              "speed": "fast",
              "pass": true,
              "fail": false,
              "pending": false,
              "context": null,
              "code": "cy.intercept(\"GET\", \"**/favoritos\", {\n  statusCode: 200,\n  body: []\n}).as(\"getFavs\");\ncy.visit(\"/inicio\", {\n  onBeforeLoad(win) {\n    win.localStorage.setItem(\"usuario\", JSON.stringify({\n      _id: \"123456789\",\n      nombre: \"test\",\n      email: \"test@test.com\"\n    }));\n  }\n});\n// Verificar que está logueado\ncy.get(\".add-recipe-btn\").should(\"be.visible\");\n// Click en logout\ncy.get(\".img-cerrar-sesion\").click();\n// Verificar que se deslogueó\ncy.get(\".add-recipe-btn\").should(\"not.exist\");\ncy.url().should(\"include\", \"/login\");\n// Opcional (mejor aún)\ncy.window().then(win => {\n  expect(win.localStorage.getItem(\"usuario\")).to.be.null;\n});",
              "err": {},
              "uuid": "41ef21c1-4a2d-4c99-afdd-b153eb58c593",
              "parentUUID": "11f7fe2e-ce16-4ede-827a-97562144b1b0",
              "isHook": false,
              "skipped": false
            },
            {
              "title": "Permite crear una nueva receta",
              "fullTitle": "Flujo de recetas Permite crear una nueva receta",
              "timedOut": null,
              "duration": 8124,
              "state": "passed",
              "speed": "medium",
              "pass": true,
              "fail": false,
              "pending": false,
              "context": null,
              "code": "//  MOCK CLOUDINARY\ncy.intercept({\n  method: \"POST\",\n  url: \"**/image/upload\"\n}, {\n  statusCode: 200,\n  body: {\n    secure_url: \"https://fake-image-url.com/test.jpg\"\n  }\n}).as(\"uploadImage\");\ncy.intercept(\"POST\", \"**/api/recetas\", {\n  statusCode: 201,\n  body: {\n    ok: true,\n    receta: {\n      _id: \"1a2b3c4d5e6f\",\n      titulo: \"Mocking de prueba\",\n      ingredientesCantidades: [\"sal: 20gr, harina:200gr, Agua: 250cc\"],\n      categoria: \"Postre\",\n      tiempoPreparacion: 30,\n      dificultad: \"Intermedio\",\n      ingredientes: [\"carne, pan, lechuga, tomate, morron, zanhaoria\"],\n      pasos: [\"Este es el paso 1\", \"Este es el paso 2, Paso 3, Paso 4\"],\n      imagen: \"https://fake-image.com/test.jpg\",\n      imagenesPasos: [null, null, null, null],\n      usuario: {\n        _id: \"123456789\",\n        nombre: \"test\"\n      },\n      valoracion: 0,\n      comentarios: [],\n      fecha: \"2026-03-17T15:48:43.252+00:00\",\n      createdAt: \"2026-03-17T15:48:43.265+00:00\",\n      updatedAt: \"2026-03-26T19:34:07.370+00:00\"\n    }\n  }\n}).as(\"postReceta\");\ncy.visit(\"/inicio\", {\n  onBeforeLoad(win) {\n    win.localStorage.setItem(\"usuario\", JSON.stringify({\n      _id: \"123456789\",\n      nombre: \"test\",\n      email: \"test@test.com\"\n    }));\n  }\n});\ncy.get(\".add-recipe-btn\").should(\"be.visible\").click();\ncy.url().should(\"include\", \"/crear-receta\");\ncy.get(\"#titulo-r\").type(\"Mocking de prueba\");\ncy.get(\"#cantidadIngrediente\").type(\"sal: 20gr\\n harina:200gr \\n Agua: 250cc\");\ncy.get(\".input-imagen \").selectFile(\"cypress/fixtures/Torta.jpg\", {\n  force: true\n});\ncy.get(\".imagen-preview.visible\").should(\"exist\");\ncy.get(\"#paso1\").type(\"Este es el paso 1\");\ncy.get(\"#btnAgregarPaso\").click();\ncy.get(\"#paso2\").type(\"Este es el paso 2\");\ncy.get(\"#btnAgregarPaso\").click();\ncy.get(\"#paso3\").type(\"Paso 3\");\ncy.get(\"#btnAgregarPaso\").click();\ncy.get(\"#paso4\").type(\"Paso 4\");\ncy.get(\"#dificultad\").select(\"Intermedio\");\ncy.get(\"#categoria\").select(\"Postre\");\ncy.get(\"#tiempoPreparacion\").type(\"30\");\ncy.get(\"#ingredientesInput\").type(\"carne, pan, lechuga, tomate, morron, zanhaoria\");\ncy.get(\".btn-guardar-receta\").click();\ncy.wait(\"@postReceta\").then(interception => {\n  // validar response\n  expect(interception.response.statusCode).to.eq(201);\n  const body = interception.request.body;\n  //Verificar que el título enviado en la petición es el correcto\n  expect(body).to.include(\"Mocking de prueba\");\n  expect(body).to.contain(\"Postre\");\n  expect(body).to.contain(\"Intermedio\");\n  expect(body).to.contain(\"30\");\n});\ncy.url().should(\"include\", \"/inicio\");\ncy.get(\".add-recipe-btn\").should(\"be.visible\");",
              "err": {},
              "uuid": "ed8ada08-594e-4838-b29b-f4dfa05c17ec",
              "parentUUID": "11f7fe2e-ce16-4ede-827a-97562144b1b0",
              "isHook": false,
              "skipped": false
            },
            {
              "title": "Verificar que el formulario de creación de receta muestra errores de validación",
              "fullTitle": "Flujo de recetas Verificar que el formulario de creación de receta muestra errores de validación",
              "timedOut": null,
              "duration": 522,
              "state": "passed",
              "speed": "fast",
              "pass": true,
              "fail": false,
              "pending": false,
              "context": null,
              "code": "cy.visit(\"/crear-receta\", {\n  onBeforeLoad(win) {\n    win.localStorage.setItem(\"usuario\", JSON.stringify({\n      _id: \"123456789\",\n      nombre: \"test\",\n      email: \"test@test.com\"\n    }));\n  }\n});\ncy.contains(\"Agregar nueva receta\");\ncy.get(\".btn-guardar-receta\").click();\ncy.get(\"#modalErrorTitulo\").should(\"contain\", \"Por favor, ingrese el nombre de la receta\");\ncy.get(\"#modalErrorIngredientesCantidades\").should(\"contain\", \"Por favor, ingrese ingredientes y cantidades\");\ncy.get(\"#modalErrorPasos\").should(\"contain\", \"Por favor, ingrese pasos de la receta\");\ncy.get(\"#modalErrorImagen\").should(\"contain\", \"Por favor, ingrese una imagen de la receta\");\ncy.get(\"#modalErrorDificultad\").should(\"contain\", \"Por favor, seleccione dificultad\");\ncy.get(\"#modalErrorCategoria\").should(\"contain\", \"Por favor, seleccione categoria\");\ncy.get(\"#modalErrorTiempoPreparacion\").should(\"contain\", \"Por favor, coloque tiempo de preparación\");\ncy.get(\"#modalErrorIngredientes\").should(\"contain\", \"Por favor, inserte ingredientes de la receta\");",
              "err": {},
              "uuid": "efc39c33-c53f-4ca2-b016-751e98dd8278",
              "parentUUID": "11f7fe2e-ce16-4ede-827a-97562144b1b0",
              "isHook": false,
              "skipped": false
            },
            {
              "title": "Prueba seleccionar receta random en categoria que no existen recetas creadas aún",
              "fullTitle": "Flujo de recetas Prueba seleccionar receta random en categoria que no existen recetas creadas aún",
              "timedOut": null,
              "duration": 729,
              "state": "passed",
              "speed": "fast",
              "pass": true,
              "fail": false,
              "pending": false,
              "context": null,
              "code": "cy.intercept(\"GET\", \"**/api/recetas/random/Postre\", {\n  statusCode: 200,\n  body: {}\n}).as(\"getRandomReceta\");\ncy.visit(\"/inicio\");\ncy.get(\".dropdown\").trigger(\"mouseover\");\ncy.contains(\"Postre\").click();\ncy.wait(\"@getRandomReceta\");\ncy.contains(\"No hay recetas disponibles en esta categoría.\").should(\"be.visible\");\ncy.contains(\"button\", \"Entendido\").click();",
              "err": {},
              "uuid": "7cdaa425-d375-4967-83b2-6687a0399860",
              "parentUUID": "11f7fe2e-ce16-4ede-827a-97562144b1b0",
              "isHook": false,
              "skipped": false
            },
            {
              "title": "Prueba seleccionar receta random en categoria existente y que muestre los detalles de la receta",
              "fullTitle": "Flujo de recetas Prueba seleccionar receta random en categoria existente y que muestre los detalles de la receta",
              "timedOut": null,
              "duration": 646,
              "state": "passed",
              "speed": "fast",
              "pass": true,
              "fail": false,
              "pending": false,
              "context": null,
              "code": "cy.intercept(\"GET\", \"**/api/recetas/random/Almuerzo%2FCena\", {\n  statusCode: 200,\n  body: {\n    _id: \"abc123\",\n    titulo: \"Receta random\"\n  }\n}).as(\"getRandom\");\ncy.intercept(\"GET\", \"**/api/detalles/abc123\", {\n  statusCode: 200,\n  body: {\n    _id: \"abc123\",\n    titulo: \"Receta random\",\n    categoria: \"Almuerzo/Cena\",\n    tiempoPreparacion: 30,\n    dificultad: \"Intermedio\",\n    imagen: \"https://res.cloudinary.com/dzaqvpxqk/image/upload/v1773853635/recetas/ux6fcesvzxl3scqe0hmy.jpg\",\n    ingredientes: [\"carne, pan, lechuga, tomate, morron, zanhaoria\"],\n    ingredientesCantidades: [\"sal: 20gr \\n harina:200gr \\n Agua: 250cc\"],\n    pasos: [\"Este es el paso 1\", \"Este es el paso 2\", \"Tercer paso\", \"Cuarto y ultimo paso\"],\n    usuario: {\n      _id: \"123456789\",\n      nombre: \"test\"\n    },\n    fecha: \"2026-02-20T20:05:32.558+00:00\",\n    comentarios: [{\n      _id: \"comentario1\",\n      usuario: {\n        _id: \"user1\",\n        nombre: \"Usuario 1\",\n        imagenPerfil: \"https://res.cloudinary.com/dzaqvpxqk/image/upload/v1773853635/recetas/ux6fcesvzxl3scqe0hmy.jpg\"\n      },\n      comentario: \"¡Excelente receta! Me encantó el sabor y la facilidad de preparación.\",\n      fecha: \"2026-02-21T15:30:00.000+00:00\"\n    }]\n  }\n}).as(\"getDetalles\");\ncy.visit(\"/inicio\");\ncy.get(\".dropdown\").trigger(\"mouseover\");\ncy.contains(\"Almuerzo/Cena\").click();\ncy.wait(\"@getRandom\");\ncy.wait(\"@getDetalles\");\ncy.url().should(\"include\", \"/detalle-receta/receta-random/abc123\");\ncy.get(\".detalles-titulo\").should(\"contain\", \"Receta random\");\ncy.get(\".detalles-categoria span\").should(\"contain\", \"Almuerzo/Cena\");\ncy.get(\"#imagen-receta-preview\").should(\"be.visible\").and($img => {\n  expect($img[0].naturalWidth).to.be.greaterThan(0);\n});\ncy.get(\".detalles-pasos\").should(\"contain\", \"Este es el paso 1\");\ncy.get(\".detalles-cantidades\").should(\"contain\", \"Sal:20gr\");",
              "err": {},
              "uuid": "5a6b73dc-6673-49fc-b8be-e6f194ee0d3c",
              "parentUUID": "11f7fe2e-ce16-4ede-827a-97562144b1b0",
              "isHook": false,
              "skipped": false
            },
            {
              "title": "Verificar correcto funcionamiento del boton de compartir receta",
              "fullTitle": "Flujo de recetas Verificar correcto funcionamiento del boton de compartir receta",
              "timedOut": null,
              "duration": 724,
              "state": "passed",
              "speed": "fast",
              "pass": true,
              "fail": false,
              "pending": false,
              "context": null,
              "code": "cy.intercept(\"GET\", \"**/api/detalles/abc123\", {\n  statusCode: 200,\n  body: {\n    _id: \"abc123\",\n    titulo: \"Receta random\",\n    categoria: \"Almuerzo/Cena\",\n    tiempoPreparacion: 30,\n    dificultad: \"Intermedio\",\n    imagen: \"https://res.cloudinary.com/dzaqvpxqk/image/upload/v1773853635/recetas/ux6fcesvzxl3scqe0hmy.jpg\",\n    ingredientes: [\"carne, pan, lechuga, tomate, morron, zanhaoria\"],\n    ingredientesCantidades: [\"sal: 20gr \\n harina:200gr \\n Agua: 250cc\"],\n    pasos: [\"Paso 1\", \"Paso 2\"],\n    usuario: {\n      _id: \"123456789\",\n      nombre: \"test\"\n    },\n    fecha: \"2026-02-20T20:05:32.558+00:00\",\n    comentarios: []\n  }\n}).as(\"getDetalles\");\ncy.visit(\"/detalle-receta/receta-random/abc123\");\ncy.wait(\"@getDetalles\");\ncy.window().then(win => {\n  cy.stub(win.navigator.clipboard, \"writeText\").as(\"copy\");\n});\ncy.contains(\"Compartir receta\").should(\"be.visible\").click();\ncy.contains(\"Enlace copiado\").should(\"be.visible\");\ncy.location(\"href\").then(currentUrl => {\n  cy.get(\"@copy\").should(\"have.been.calledWith\", currentUrl);\n});",
              "err": {},
              "uuid": "fa7481dc-793e-490e-8fc8-132d62747ca3",
              "parentUUID": "11f7fe2e-ce16-4ede-827a-97562144b1b0",
              "isHook": false,
              "skipped": false
            },
            {
              "title": "Elimina una receta y verifica que ya no aparece en el listado",
              "fullTitle": "Flujo de recetas Elimina una receta y verifica que ya no aparece en el listado",
              "timedOut": null,
              "duration": 1194,
              "state": "passed",
              "speed": "fast",
              "pass": true,
              "fail": false,
              "pending": false,
              "context": null,
              "code": "cy.intercept(\"GET\", \"**/api/detalles/receta1\", {\n  statusCode: 200,\n  body: {\n    _id: \"receta1\",\n    titulo: \"Receta a eliminar\",\n    categoria: \"Almuerzo/Cena\",\n    tiempoPreparacion: 10,\n    dificultad: \"Intermedio\",\n    imagen: \"https://res.cloudinary.com/dzaqvpxqk/image/upload/v1773853635/recetas/ux6fcesvzxl3scqe0hmy.jpg\",\n    ingredientes: [\"carne, pan, lechuga, tomate, morron, zanhaoria\"],\n    ingredientesCantidades: [\"sal: 20gr \\n harina:200gr \\n Agua: 250cc\"],\n    pasos: [\"Paso 1\", \"Paso 2\"],\n    usuario: {\n      _id: \"123456789\",\n      nombre: \"test\"\n    },\n    fecha: \"2026-02-20T20:05:32.558+00:00\",\n    valoracion: 3,\n    comentarios: [],\n    fecha: \"2026-03-17T15:48:43.252+00:00\",\n    createdAt: \"2026-03-17T15:48:43.265+00:00\",\n    updatedAt: \"2026-03-26T19:34:07.370+00:00\"\n  }\n}).as(\"getRecetas\");\ncy.intercept(\"DELETE\", \"**/api/recetas/receta1\", {\n  statusCode: 200,\n  body: {\n    ok: true\n  }\n}).as(\"deleteReceta\");\ncy.intercept(\"GET\", \"**/api/valoraciones/**\", {\n  statusCode: 200,\n  body: {\n    valoracionUsuario: 3\n  }\n}).as(\"getValoracion\");\ncy.visit(\"/inicio\", {\n  onBeforeLoad(win) {\n    win.localStorage.setItem(\"usuario\", JSON.stringify({\n      _id: \"123456789\",\n      nombre: \"test\",\n      email: \"test@example.com\"\n    }));\n  }\n});\ncy.contains(\"Nueva receta\").should(\"be.visible\");\ncy.visit(\"/detalle-receta/receta-a-eliminar/receta1\", {\n  onBeforeLoad(win) {\n    win.localStorage.setItem(\"usuario\", JSON.stringify({\n      _id: \"123456789\",\n      nombre: \"test\",\n      email: \"test@example.com\"\n    }));\n  }\n});\ncy.window().then(win => {\n  console.log(\"LOCAL STORAGE:\", win.localStorage.getItem(\"usuario\"));\n});\ncy.wait(\"@getRecetas\");\ncy.wait(\"@getValoracion\");\ncy.url().should(\"include\", \"/detalle-receta/receta-a-eliminar/receta1\");\ncy.get(\".link-eliminar-receta\").should(\"be.visible\").click();\ncy.contains(\"¿Estás seguro? ¡No podrás revertir esto!\").should(\"be.visible\");\ncy.get(\".boton-confirmar-verde\").should(\"be.visible\").click();\ncy.contains(\"La receta ha sido eliminada con éxito.\").should(\"be.visible\");\ncy.get(\".boton-confirmar-verde\").should(\"be.visible\").click();\ncy.wait(\"@deleteReceta\");\ncy.url().should(\"include\", \"/inicio\");",
              "err": {},
              "uuid": "a3d1485a-eb17-4b63-8284-812a3bf14d3b",
              "parentUUID": "11f7fe2e-ce16-4ede-827a-97562144b1b0",
              "isHook": false,
              "skipped": false
            },
            {
              "title": "Verificar correcto funcionamiento del filtro de búsqueda por título o ingredientes",
              "fullTitle": "Flujo de recetas Verificar correcto funcionamiento del filtro de búsqueda por título o ingredientes",
              "timedOut": null,
              "duration": 2153,
              "state": "passed",
              "speed": "fast",
              "pass": true,
              "fail": false,
              "pending": false,
              "context": null,
              "code": "cy.intercept(\"GET\", \"**/api/recetas\", {\n  statusCode: 200,\n  body: [{\n    _id: \"1\",\n    titulo: \"Torta de frutilla\",\n    ingredientes: [\"frutilla, harina, azucar\"],\n    imagen: \"https://res.cloudinary.com/dzaqvpxqk/image/upload/v1773853635/recetas/ux6fcesvzxl3scqe0hmy.jpg\",\n    usuario: {\n      _id: \"123456789\",\n      nombre: \"test\"\n    },\n    categoria: \"Postre\",\n    tiempoPreparacion: 45,\n    dificultad: \"Difícil\"\n  }, {\n    _id: \"2\",\n    titulo: \"Hamburguesa\",\n    ingredientes: [\"carne, pan, lechuga\"],\n    imagen: \"https://res.cloudinary.com/demo/image/upload/sample.jpg\",\n    usuario: {\n      _id: \"123456789\",\n      nombre: \"test\"\n    },\n    categoria: \"Almuerzo/Cena\",\n    tiempoPreparacion: 10,\n    dificultad: \"Intermedio\"\n  }]\n}).as(\"getRecetas\");\ncy.visit(\"/inicio\", {\n  onBeforeLoad(win) {\n    win.localStorage.setItem(\"usuario\", JSON.stringify({\n      _id: \"123456789\",\n      nombre: \"test\",\n      email: \"test@example.com\"\n    }));\n  }\n});\ncy.wait(\"@getRecetas\");\ncy.get(\"#recetas .tarjeta-receta\").should(\"have.length\", 2);\ncy.get(\".text-filtro\").type(\"Torta\");\ncy.get(\"#recetas .tarjeta-receta\").should(\"have.length\", 1).first().within(() => {\n  cy.get(\"h2\").should(\"contain\", \"Torta de frutilla\");\n});\ncy.get(\"#recetas .tarjeta-receta\").contains(\"Hamburguesa\").should(\"not.exist\");\ncy.get(\".text-filtro\").clear().type(\"fakeingrediente\");\ncy.get(\"#recetas .tarjeta-receta\").should(\"have.length\", 0);\ncy.contains(\"No se encontraron recetas con esos ingredientes.\").should(\"be.visible\");\ncy.get(\".text-filtro\").clear();\ncy.get(\".text-filtro\").type(\"carne\");\ncy.get(\"#recetas .tarjeta-receta\").should(\"have.length\", 1).first().within(() => {\n  cy.get(\"h2\").should(\"contain\", \"Hamburguesa\");\n});\ncy.get(\".text-filtro\").clear().type(\"frutilla harina\");\ncy.get(\"#recetas .tarjeta-receta\").should(\"have.length\", 1).first().within(() => {\n  cy.get(\"h2\").should(\"contain\", \"Torta de frutilla\");\n});",
              "err": {},
              "uuid": "fc2a8a6f-502a-4203-93b6-9eeeb53d8a3a",
              "parentUUID": "11f7fe2e-ce16-4ede-827a-97562144b1b0",
              "isHook": false,
              "skipped": false
            },
            {
              "title": "Deberia permitir editar una receta desde el detalle",
              "fullTitle": "Flujo de recetas Deberia permitir editar una receta desde el detalle",
              "timedOut": null,
              "duration": 1612,
              "state": "passed",
              "speed": "fast",
              "pass": true,
              "fail": false,
              "pending": false,
              "context": null,
              "code": "const usuarioMock = {\n  _id: \"123456789\",\n  nombre: \"test\",\n  email: \"test@test.com\"\n};\n// Mock GET detalle inicial\ncy.intercept(\"GET\", \"**/api/detalles/id1\", {\n  statusCode: 200,\n  body: {\n    _id: \"id1\",\n    titulo: \"Receta 1\",\n    categoria: \"Postre\",\n    dificultad: \"Intermedio\",\n    ingredientes: [\"harina\", \"agua\"],\n    pasos: [\"Paso 1\"],\n    ingredientesCantidades: [\"harina: 100g\"],\n    usuario: {\n      _id: usuarioMock._id,\n      nombre: usuarioMock.nombre,\n      email: usuarioMock.email\n    },\n    valoracion: 0,\n    comentarios: [],\n    imagen: \"/images/default-imagen-perfil.jpg\",\n    fecha: \"2026-06-16T20:05:32.558+00:00\",\n    createdAt: \"2026-06-16T20:05:32.558+00:00\",\n    updatedAt: \"2026-06-16T20:05:32.558+00:00\"\n  }\n}).as(\"getDetalleReceta\");\n// Mock PUT edición\ncy.intercept(\"PUT\", \"**/api/recetas/id1/titulo\", {\n  statusCode: 200,\n  body: {\n    ok: true,\n    receta: {\n      _id: \"id1\",\n      titulo: \"Receta Editada\"\n    }\n  }\n}).as(\"updateReceta\");\n// Mock valoraciones\ncy.intercept(\"GET\", \"**/api/valoraciones/**\", {\n  statusCode: 200,\n  body: {\n    valoracionUsuario: 0\n  }\n}).as(\"getValoracion\");\n// Simular login\ncy.visit(\"/inicio\", {\n  onBeforeLoad(win) {\n    win.localStorage.setItem(\"usuario\", JSON.stringify(usuarioMock));\n  }\n});\n// Ir al detalle\ncy.visit(\"/detalle-receta/receta-1/id1\");\ncy.wait(\"@getDetalleReceta\");\n// Activar modo edición en el titulo de la receta\ncy.get(\".btn-editar-titulo\").should(\"be.visible\").click();\n// Editar título\ncy.get(\".nuevo-titulo\").clear().type(\"Receta Editada\");\n// Guardar cambios\ncy.get(\".btn-guardar-titulo\").click();\n// Verificar request PUT\ncy.wait(\"@updateReceta\").then(interception => {\n  expect(interception.response.statusCode).to.eq(200);\n  const body = interception.request.body;\n  //ver que body sea un json y no un string\n  //console.log(\"El body es\", body);\n  //como es un json, verificar que tenga la propiedad titulo con el valor \"Receta Editada\"\n  expect(body).to.have.property(\"titulo\", \"Receta Editada\");\n});\n// Verificar UI actualizada\ncy.contains(\"Receta Editada\").should(\"be.visible\");",
              "err": {},
              "uuid": "a4df0adc-7916-431a-889c-bcd6f79835c9",
              "parentUUID": "11f7fe2e-ce16-4ede-827a-97562144b1b0",
              "isHook": false,
              "skipped": false
            }
          ],
          "suites": [],
          "passes": [
            "76a0039e-7ef2-4f61-b6fd-e5f566ce68b0",
            "1c6e24ef-c828-4ddf-85b2-88ce265a2ea5",
            "3ac549b1-3edc-4e0b-9b69-4827bc125a65",
            "bc5696fb-d86a-472e-aae2-48ac404c705a",
            "bafed8a6-c2e2-4457-8ab9-31755b9c4a4a",
            "4548aaad-6e05-47b8-9ca0-db4a35f522de",
            "41ef21c1-4a2d-4c99-afdd-b153eb58c593",
            "ed8ada08-594e-4838-b29b-f4dfa05c17ec",
            "efc39c33-c53f-4ca2-b016-751e98dd8278",
            "7cdaa425-d375-4967-83b2-6687a0399860",
            "5a6b73dc-6673-49fc-b8be-e6f194ee0d3c",
            "fa7481dc-793e-490e-8fc8-132d62747ca3",
            "a3d1485a-eb17-4b63-8284-812a3bf14d3b",
            "fc2a8a6f-502a-4203-93b6-9eeeb53d8a3a",
            "a4df0adc-7916-431a-889c-bcd6f79835c9"
          ],
          "failures": [],
          "pending": [],
          "skipped": [],
          "duration": 22712,
          "root": false,
          "rootEmpty": false,
          "_timeout": 2000
        }
      ],
      "passes": [],
      "failures": [],
      "pending": [],
      "skipped": [],
      "duration": 0,
      "root": true,
      "rootEmpty": true,
      "_timeout": 2000
    },
    {
      "uuid": "3bfa5b54-35f6-48ea-aebd-09f2a8ac84e2",
      "title": "",
      "fullFile": "cypress\\e2e\\smoke.cy.js",
      "file": "cypress\\e2e\\smoke.cy.js",
      "beforeHooks": [],
      "afterHooks": [],
      "tests": [],
      "suites": [
        {
          "uuid": "42b08bc1-78ce-400b-8eeb-225e4f47ce98",
          "title": "Smoke test - Home",
          "fullFile": "",
          "file": "",
          "beforeHooks": [],
          "afterHooks": [],
          "tests": [
            {
              "title": "Muestra pantalla de inicio de app",
              "fullTitle": "Smoke test - Home Muestra pantalla de inicio de app",
              "timedOut": null,
              "duration": 5888,
              "state": "passed",
              "speed": "medium",
              "pass": true,
              "fail": false,
              "pending": false,
              "context": null,
              "code": "cy.visit(\"/\");\ncy.contains(\"Cargando...\").should(\"be.visible\");\ncy.location(\"pathname\", {\n  timeout: 10000\n}).should(\"eq\", \"/inicio\");\ncy.contains(\"Cargando...\").should(\"not.exist\");",
              "err": {},
              "uuid": "fbf33ee3-ef59-4f31-a7e6-0b4c1311e046",
              "parentUUID": "42b08bc1-78ce-400b-8eeb-225e4f47ce98",
              "isHook": false,
              "skipped": false
            },
            {
              "title": "Llega al home y muestra bien la info",
              "fullTitle": "Smoke test - Home Llega al home y muestra bien la info",
              "timedOut": null,
              "duration": 271,
              "state": "passed",
              "speed": "fast",
              "pass": true,
              "fail": false,
              "pending": false,
              "context": null,
              "code": "cy.visit(\"/inicio\");\ncy.contains(\"Inspírate con recetas exclusivas\").should(\"be.visible\");\ncy.contains(\"Recetas disponibles\").should(\"be.visible\");\ncy.get(\"img[alt='Logotipo']\").should(\"be.visible\");\ncy.contains(\"Iniciar sesión\").should(\"be.visible\");\ncy.contains(\"Registrarse\").should(\"be.visible\");",
              "err": {},
              "uuid": "8580f841-f326-42aa-ba9c-efa1faf61d8a",
              "parentUUID": "42b08bc1-78ce-400b-8eeb-225e4f47ce98",
              "isHook": false,
              "skipped": false
            }
          ],
          "suites": [],
          "passes": [
            "fbf33ee3-ef59-4f31-a7e6-0b4c1311e046",
            "8580f841-f326-42aa-ba9c-efa1faf61d8a"
          ],
          "failures": [],
          "pending": [],
          "skipped": [],
          "duration": 6159,
          "root": false,
          "rootEmpty": false,
          "_timeout": 2000
        }
      ],
      "passes": [],
      "failures": [],
      "pending": [],
      "skipped": [],
      "duration": 0,
      "root": true,
      "rootEmpty": true,
      "_timeout": 2000
    },
    {
      "uuid": "044bf034-c658-4b5c-9ed2-8bd663dc4a1a",
      "title": "",
      "fullFile": "cypress\\e2e\\auth.cy.js",
      "file": "cypress\\e2e\\auth.cy.js",
      "beforeHooks": [],
      "afterHooks": [],
      "tests": [],
      "suites": [
        {
          "uuid": "e86c6e85-57c5-4668-81ad-a2e3998477f4",
          "title": "Login testing",
          "fullFile": "",
          "file": "",
          "beforeHooks": [],
          "afterHooks": [],
          "tests": [
            {
              "title": "Login form",
              "fullTitle": "Login testing Login form",
              "timedOut": null,
              "duration": 2508,
              "state": "passed",
              "speed": "fast",
              "pass": true,
              "fail": false,
              "pending": false,
              "context": null,
              "code": "cy.visit(\"/login\");\ncy.location(\"pathname\").should(\"eq\", \"/login\");\ncy.contains(\"Login\").should(\"be.visible\");\ncy.get(\"input[placeholder='Usuario']\").should(\"be.visible\").click().type(\"test\");\ncy.get(\"input[placeholder='Contraseña']\").should(\"be.visible\").click().type(\"test\");\ncy.get(\"button[type='submit']\").should(\"be.visible\").click();\ncy.location(\"pathname\").should(\"eq\", \"/inicio\");\ncy.contains(\"Bienvenido\");\ncy.window().then(win => {\n  const usuario = JSON.parse(win.localStorage.getItem(\"usuario\"));\n  expect(usuario).to.have.property(\"email\");\n  expect(usuario.email).to.eq(\"test@test.com\");\n});",
              "err": {},
              "uuid": "eb21ee94-bd9f-42db-b304-b11521be50ee",
              "parentUUID": "e86c6e85-57c5-4668-81ad-a2e3998477f4",
              "isHook": false,
              "skipped": false
            },
            {
              "title": "Login invalido",
              "fullTitle": "Login testing Login invalido",
              "timedOut": null,
              "duration": 980,
              "state": "passed",
              "speed": "fast",
              "pass": true,
              "fail": false,
              "pending": false,
              "context": null,
              "code": "cy.visit(\"/login\");\ncy.location(\"pathname\").should(\"eq\", \"/login\");\ncy.contains(\"Login\").should(\"be.visible\");\ncy.get(\"input[placeholder='Usuario']\").should(\"be.visible\").click().type(\"error\");\ncy.get(\"input[placeholder='Contraseña']\").should(\"be.visible\").click().type(\"invalidPass\");\ncy.get(\"button[type='submit']\").should(\"be.visible\").click();\ncy.get(\".error-container\").should(\"be.visible\").and(\"contain\", \"Usuario o contraseña incorrectos\");",
              "err": {},
              "uuid": "ca10e593-51f8-4d18-bbb5-cb49fb193ccf",
              "parentUUID": "e86c6e85-57c5-4668-81ad-a2e3998477f4",
              "isHook": false,
              "skipped": false
            }
          ],
          "suites": [],
          "passes": [
            "eb21ee94-bd9f-42db-b304-b11521be50ee",
            "ca10e593-51f8-4d18-bbb5-cb49fb193ccf"
          ],
          "failures": [],
          "pending": [],
          "skipped": [],
          "duration": 3488,
          "root": false,
          "rootEmpty": false,
          "_timeout": 2000
        }
      ],
      "passes": [],
      "failures": [],
      "pending": [],
      "skipped": [],
      "duration": 0,
      "root": true,
      "rootEmpty": true,
      "_timeout": 2000
    }
  ],
  "meta": {
    "mocha": {
      "version": "7.2.0"
    },
    "mochawesome": {
      "options": {
        "quiet": false,
        "reportFilename": "mochawesome",
        "saveHtml": false,
        "saveJson": true,
        "consoleReporter": "spec",
        "useInlineDiffs": false,
        "code": true
      },
      "version": "7.1.4"
    },
    "marge": {
      "options": {
        "reportDir": "cypress/reports/json",
        "overwrite": false,
        "html": false,
        "json": true
      },
      "version": "6.3.2"
    }
  }
}