{
  "stats": {
    "suites": 1,
    "tests": 15,
    "passes": 15,
    "pending": 0,
    "failures": 0,
    "start": "2026-07-28T19:43:00.071Z",
    "end": "2026-07-28T19:43:25.620Z",
    "duration": 25549,
    "testsRegistered": 15,
    "passPercent": 100,
    "pendingPercent": 0,
    "other": 0,
    "hasOther": false,
    "skipped": 0,
    "hasSkipped": false
  },
  "results": [
    {
      "uuid": "b0cc1e81-fe8a-43ae-8146-f98a6538bb18",
      "title": "",
      "fullFile": "cypress\\e2e\\recipe.cy.js",
      "file": "cypress\\e2e\\recipe.cy.js",
      "beforeHooks": [],
      "afterHooks": [],
      "tests": [],
      "suites": [
        {
          "uuid": "11f7fe2e-ce16-4ede-827a-97562144b1b0",
          "title": "Flujo de recetas",
          "fullFile": "",
          "file": "",
          "beforeHooks": [],
          "afterHooks": [],
          "tests": [
            {
              "title": "Muestra recetas correctamente en el listado",
              "fullTitle": "Flujo de recetas Muestra recetas correctamente en el listado",
              "timedOut": null,
              "duration": 1463,
              "state": "passed",
              "speed": "fast",
              "pass": true,
              "fail": false,
              "pending": false,
              "context": null,
              "code": "cy.visit(\"/inicio\");\ncy.get(\"#recetas .tarjeta-receta\").should(\"have.length.greaterThan\", 0);\ncy.get(\"#recetas .tarjeta-receta\").first().within(() => {\n  cy.get(\"h2\").should(\"not.be.empty\");\n  cy.contains(\"Categoría\").should(\"be.visible\");\n  cy.contains(\"Tiempo de preparación\").should(\"be.visible\");\n  cy.get(\"img\").should(\"be.visible\").and($img => {\n    expect($img[0].naturalWidth).to.be.greaterThan(0);\n  });\n  cy.contains(\"Ver más\").should(\"be.visible\");\n});",
              "err": {},
              "uuid": "76a0039e-7ef2-4f61-b6fd-e5f566ce68b0",
              "parentUUID": "11f7fe2e-ce16-4ede-827a-97562144b1b0",
              "isHook": false,
              "skipped": false
            },
            {
              "title": "Permite navegar al detalle de una receta",
              "fullTitle": "Flujo de recetas Permite navegar al detalle de una receta",
              "timedOut": null,
              "duration": 1882,
              "state": "passed",
              "speed": "fast",
              "pass": true,
              "fail": false,
              "pending": false,
              "context": null,
              "code": "cy.visit(\"/inicio\");\ncy.get(\"#recetas .tarjeta-receta\").first().within(() => {\n  cy.contains(\"Ver más\").click();\n});\ncy.url().should(\"include\", \"/detalle-receta\");\ncy.contains(\"Detalles de la receta\").should(\"be.visible\");\ncy.get(\".panel-img\").should(\"be.visible\").and($img => {\n  expect($img[0].naturalWidth).to.be.greaterThan(0);\n});",
              "err": {},
              "uuid": "1c6e24ef-c828-4ddf-85b2-88ce265a2ea5",
              "parentUUID": "11f7fe2e-ce16-4ede-827a-97562144b1b0",
              "isHook": false,
              "skipped": false
            },
            {
              "title": "Muestra mensaje cuando no hay recetas",
              "fullTitle": "Flujo de recetas Muestra mensaje cuando no hay recetas",
              "timedOut": null,
              "duration": 403,
              "state": "passed",
              "speed": "fast",
              "pass": true,
              "fail": false,
              "pending": false,
              "context": null,
              "code": "cy.intercept(\"GET\", \"**/api/recetas\", {\n  statusCode: 200,\n  body: []\n}).as(\"getRecetas\");\ncy.visit(\"/inicio\");\ncy.wait(\"@getRecetas\");\ncy.contains(\"Aún no tienes recetas\").should(\"be.visible\");",
              "err": {},
              "uuid": "3ac549b1-3edc-4e0b-9b69-4827bc125a65",
              "parentUUID": "11f7fe2e-ce16-4ede-827a-97562144b1b0",
              "isHook": false,
              "skipped": false
            },
            {
              "title": "Muestra correctamente la valoración promedio en las tarjetas",
              "fullTitle": "Flujo de recetas Muestra correctamente la valoración promedio en las tarjetas",
              "timedOut": null,
              "duration": 306,
              "state": "passed",
              "speed": "fast",
              "pass": true,
              "fail": false,
              "pending": false,
              "context": null,
              "code": "cy.intercept(\"GET\", \"**/api/recetas\", {\n  statusCode: 200,\n  body: [{\n    _id: \"1\",\n    titulo: \"Receta test\",\n    ingredientes: [\"ingrediente\"],\n    imagen: \"https://res.cloudinary.com/dzaqvpxqk/image/upload/v1773853635/recetas/ux6fcesvzxl3scqe0hmy.jpg\",\n    usuario: {\n      _id: \"1\",\n      nombre: \"test\"\n    },\n    categoria: \"Postre\",\n    tiempoPreparacion: 10,\n    dificultad: \"Fácil\",\n    valoracion: 3\n  }]\n}).as(\"getRecetas\");\ncy.visit(\"/inicio\");\ncy.wait(\"@getRecetas\");\ncy.get(\"#recetas .tarjeta-receta\").first().within(() => {\n  cy.get(\".estrellas .fas.fa-star\").should(\"have.length\", 3);\n  cy.get(\".estrellas .far.fa-star\").should(\"have.length\", 2);\n});",
              "err": {},
              "uuid": "bc5696fb-d86a-472e-aae2-48ac404c705a",
              "parentUUID": "11f7fe2e-ce16-4ede-827a-97562144b1b0",
              "isHook": false,
              "skipped": false
            },
            {
              "title": "Muestra correctamente los detalles de una receta",
              "fullTitle": "Flujo de recetas Muestra correctamente los detalles de una receta",
              "timedOut": null,
              "duration": 1089,
              "state": "passed",
              "speed": "fast",
              "pass": true,
              "fail": false,
              "pending": false,
              "context": null,
              "code": "cy.visit(\"/inicio\");\ncy.get(\"#recetas .tarjeta-receta\").first().within(() => {\n  cy.contains(\"Ver más\").click();\n});\ncy.url().should(\"include\", \"/detalle-receta\");\ncy.get(\"#imagen-receta-preview\").should(\"be.visible\").and($img => {\n  expect($img[0].naturalWidth).to.be.greaterThan(0);\n});\ncy.get(\".detalles-titulo\").should(\"not.be.empty\");\ncy.get(\".detalles-categoria\").should(\"not.be.empty\");\ncy.get(\".detalles-tiempo-dificultad\").should(\"not.be.empty\");\ncy.get(\".detalles-cantidades\").should(\"not.be.empty\");\ncy.get(\".detalles-pasos\").should(\"not.be.empty\");",
              "err": {},
              "uuid": "bafed8a6-c2e2-4457-8ab9-31755b9c4a4a",
              "parentUUID": "11f7fe2e-ce16-4ede-827a-97562144b1b0",
              "isHook": false,
              "skipped": false
            },
            {
              "title": "Simular usuario y mostrar elementos del dom ",
              "fullTitle": "Flujo de recetas Simular usuario y mostrar elementos del dom ",
              "timedOut": null,
              "duration": 1462,
              "state": "passed",
              "speed": "fast",
              "pass": true,
              "fail": false,
              "pending": false,
              "context": null,
              "code": "// Simular logueo de usuario para que se muestren los botones de crear receta, agregar a favoritos, que se muestre en la seccion y valorar receta\ncy.intercept(\"GET\", \"**/favoritos\", {\n  statusCode: 200,\n  body: []\n}).as(\"getFavs\");\ncy.intercept(\"POST\", \"**/favoritos\", {\n  statusCode: 200,\n  body: {\n    ok: true\n  }\n}).as(\"postFav\");\ncy.intercept(\"GET\", \"**/api/valoraciones/**\", {\n  statusCode: 200,\n  body: {\n    valoracionUsuario: 3\n  }\n}).as(\"getValoracion\");\ncy.visit(\"/inicio\", {\n  onBeforeLoad(win) {\n    win.localStorage.setItem(\"usuario\", JSON.stringify({\n      _id: \"123456789\",\n      nombre: \"test\",\n      email: \"test@test.com\"\n    }));\n  }\n});\ncy.wait(\"@getFavs\");\ncy.get(\".add-recipe-btn\").should(\"be.visible\");\ncy.get(\"#recetas .tarjeta-receta\").first().within(() => {\n  cy.get(\".icono-favorito\").should(\"be.visible\").click();\n});\ncy.wait(\"@postFav\");\ncy.get(\"#favoritos .tarjeta-receta\").should(\"have.length.greaterThan\", 0);\ncy.get(\".mensaje-no-recetas-favoritas\").should(\"not.exist\");\n//Verificar que el corazón cambió a estado \"favorito\" y que el boton de ver más lleva al detalle de la receta\ncy.get(\"#recetas .tarjeta-receta\").first().within(() => {\n  cy.get(\".icono-favorito\").should(\"have.class\", \"favorito\");\n  cy.contains(\"Ver más\").should(\"be.visible\").click();\n  cy.url().should(\"include\", \"/detalle-receta\");\n});\n// esperar valoración\ncy.wait(\"@getValoracion\");\n// validar estrellas del usuario\ncy.get(\".detalles-valoracion i\").should(\"have.length\", 5);\ncy.get(\".detalles-valoracion .fas.fa-star\").should(\"have.length\", 3);\ncy.get(\".detalles-valoracion .far.fa-star\").should(\"have.length\", 2);\n//  botón volver\ncy.contains(\"Ver otras recetas\").click();\ncy.url().should(\"include\", \"/inicio\");",
              "err": {},
              "uuid": "4548aaad-6e05-47b8-9ca0-db4a35f522de",
              "parentUUID": "11f7fe2e-ce16-4ede-827a-97562144b1b0",
              "isHook": false,
              "skipped": false
            },
            {
              "title": "Permite cerrar sesión correctamente",
              "fullTitle": "Flujo de recetas Permite cerrar sesión correctamente",
              "timedOut": null,
              "duration": 403,
              "state": "passed",
              "speed": "fast",
              "pass": true,
              "fail": false,
              "pending": false,
              "context": null,
              "code": "cy.intercept(\"GET\", \"**/favoritos\", {\n  statusCode: 200,\n  body: []\n}).as(\"getFavs\");\ncy.visit(\"/inicio\", {\n  onBeforeLoad(win) {\n    win.localStorage.setItem(\"usuario\", JSON.stringify({\n      _id: \"123456789\",\n      nombre: \"test\",\n      email: \"test@test.com\"\n    }));\n  }\n});\n// Verificar que está logueado\ncy.get(\".add-recipe-btn\").should(\"be.visible\");\n// Click en logout\ncy.get(\".img-cerrar-sesion\").click();\n// Verificar que se deslogueó\ncy.get(\".add-recipe-btn\").should(\"not.exist\");\ncy.url().should(\"include\", \"/login\");\n// Opcional (mejor aún)\ncy.window().then(win => {\n  expect(win.localStorage.getItem(\"usuario\")).to.be.null;\n});",
              "err": {},
              "uuid": "41ef21c1-4a2d-4c99-afdd-b153eb58c593",
              "parentUUID": "11f7fe2e-ce16-4ede-827a-97562144b1b0",
              "isHook": false,
              "skipped": false
            },
            {
              "title": "Permite crear una nueva receta",
              "fullTitle": "Flujo de recetas Permite crear una nueva receta",
              "timedOut": null,
              "duration": 8124,
              "state": "passed",
              "speed": "medium",
              "pass": true,
              "fail": false,
              "pending": false,
              "context": null,
              "code": "//  MOCK CLOUDINARY\ncy.intercept({\n  method: \"POST\",\n  url: \"**/image/upload\"\n}, {\n  statusCode: 200,\n  body: {\n    secure_url: \"https://fake-image-url.com/test.jpg\"\n  }\n}).as(\"uploadImage\");\ncy.intercept(\"POST\", \"**/api/recetas\", {\n  statusCode: 201,\n  body: {\n    ok: true,\n    receta: {\n      _id: \"1a2b3c4d5e6f\",\n      titulo: \"Mocking de prueba\",\n      ingredientesCantidades: [\"sal: 20gr, harina:200gr, Agua: 250cc\"],\n      categoria: \"Postre\",\n      tiempoPreparacion: 30,\n      dificultad: \"Intermedio\",\n      ingredientes: [\"carne, pan, lechuga, tomate, morron, zanhaoria\"],\n      pasos: [\"Este es el paso 1\", \"Este es el paso 2, Paso 3, Paso 4\"],\n      imagen: \"https://fake-image.com/test.jpg\",\n      imagenesPasos: [null, null, null, null],\n      usuario: {\n        _id: \"123456789\",\n        nombre: \"test\"\n      },\n      valoracion: 0,\n      comentarios: [],\n      fecha: \"2026-03-17T15:48:43.252+00:00\",\n      createdAt: \"2026-03-17T15:48:43.265+00:00\",\n      updatedAt: \"2026-03-26T19:34:07.370+00:00\"\n    }\n  }\n}).as(\"postReceta\");\ncy.visit(\"/inicio\", {\n  onBeforeLoad(win) {\n    win.localStorage.setItem(\"usuario\", JSON.stringify({\n      _id: \"123456789\",\n      nombre: \"test\",\n      email: \"test@test.com\"\n    }));\n  }\n});\ncy.get(\".add-recipe-btn\").should(\"be.visible\").click();\ncy.url().should(\"include\", \"/crear-receta\");\ncy.get(\"#titulo-r\").type(\"Mocking de prueba\");\ncy.get(\"#cantidadIngrediente\").type(\"sal: 20gr\\n harina:200gr \\n Agua: 250cc\");\ncy.get(\".input-imagen \").selectFile(\"cypress/fixtures/Torta.jpg\", {\n  force: true\n});\ncy.get(\".imagen-preview.visible\").should(\"exist\");\ncy.get(\"#paso1\").type(\"Este es el paso 1\");\ncy.get(\"#btnAgregarPaso\").click();\ncy.get(\"#paso2\").type(\"Este es el paso 2\");\ncy.get(\"#btnAgregarPaso\").click();\ncy.get(\"#paso3\").type(\"Paso 3\");\ncy.get(\"#btnAgregarPaso\").click();\ncy.get(\"#paso4\").type(\"Paso 4\");\ncy.get(\"#dificultad\").select(\"Intermedio\");\ncy.get(\"#categoria\").select(\"Postre\");\ncy.get(\"#tiempoPreparacion\").type(\"30\");\ncy.get(\"#ingredientesInput\").type(\"carne, pan, lechuga, tomate, morron, zanhaoria\");\ncy.get(\".btn-guardar-receta\").click();\ncy.wait(\"@postReceta\").then(interception => {\n  // validar response\n  expect(interception.response.statusCode).to.eq(201);\n  const body = interception.request.body;\n  //Verificar que el título enviado en la petición es el correcto\n  expect(body).to.include(\"Mocking de prueba\");\n  expect(body).to.contain(\"Postre\");\n  expect(body).to.contain(\"Intermedio\");\n  expect(body).to.contain(\"30\");\n});\ncy.url().should(\"include\", \"/inicio\");\ncy.get(\".add-recipe-btn\").should(\"be.visible\");",
              "err": {},
              "uuid": "ed8ada08-594e-4838-b29b-f4dfa05c17ec",
              "parentUUID": "11f7fe2e-ce16-4ede-827a-97562144b1b0",
              "isHook": false,
              "skipped": false
            },
            {
              "title": "Verificar que el formulario de creación de receta muestra errores de validación",
              "fullTitle": "Flujo de recetas Verificar que el formulario de creación de receta muestra errores de validación",
              "timedOut": null,
              "duration": 522,
              "state": "passed",
              "speed": "fast",
              "pass": true,
              "fail": false,
              "pending": false,
              "context": null,
              "code": "cy.visit(\"/crear-receta\", {\n  onBeforeLoad(win) {\n    win.localStorage.setItem(\"usuario\", JSON.stringify({\n      _id: \"123456789\",\n      nombre: \"test\",\n      email: \"test@test.com\"\n    }));\n  }\n});\ncy.contains(\"Agregar nueva receta\");\ncy.get(\".btn-guardar-receta\").click();\ncy.get(\"#modalErrorTitulo\").should(\"contain\", \"Por favor, ingrese el nombre de la receta\");\ncy.get(\"#modalErrorIngredientesCantidades\").should(\"contain\", \"Por favor, ingrese ingredientes y cantidades\");\ncy.get(\"#modalErrorPasos\").should(\"contain\", \"Por favor, ingrese pasos de la receta\");\ncy.get(\"#modalErrorImagen\").should(\"contain\", \"Por favor, ingrese una imagen de la receta\");\ncy.get(\"#modalErrorDificultad\").should(\"contain\", \"Por favor, seleccione dificultad\");\ncy.get(\"#modalErrorCategoria\").should(\"contain\", \"Por favor, seleccione categoria\");\ncy.get(\"#modalErrorTiempoPreparacion\").should(\"contain\", \"Por favor, coloque tiempo de preparación\");\ncy.get(\"#modalErrorIngredientes\").should(\"contain\", \"Por favor, inserte ingredientes de la receta\");",
              "err": {},
              "uuid": "efc39c33-c53f-4ca2-b016-751e98dd8278",
              "parentUUID": "11f7fe2e-ce16-4ede-827a-97562144b1b0",
              "isHook": false,
              "skipped": false
            },
            {
              "title": "Prueba seleccionar receta random en categoria que no existen recetas creadas aún",
              "fullTitle": "Flujo de recetas Prueba seleccionar receta random en categoria que no existen recetas creadas aún",
              "timedOut": null,
              "duration": 729,
              "state": "passed",
              "speed": "fast",
              "pass": true,
              "fail": false,
              "pending": false,
              "context": null,
              "code": "cy.intercept(\"GET\", \"**/api/recetas/random/Postre\", {\n  statusCode: 200,\n  body: {}\n}).as(\"getRandomReceta\");\ncy.visit(\"/inicio\");\ncy.get(\".dropdown\").trigger(\"mouseover\");\ncy.contains(\"Postre\").click();\ncy.wait(\"@getRandomReceta\");\ncy.contains(\"No hay recetas disponibles en esta categoría.\").should(\"be.visible\");\ncy.contains(\"button\", \"Entendido\").click();",
              "err": {},
              "uuid": "7cdaa425-d375-4967-83b2-6687a0399860",
              "parentUUID": "11f7fe2e-ce16-4ede-827a-97562144b1b0",
              "isHook": false,
              "skipped": false
            },
            {
              "title": "Prueba seleccionar receta random en categoria existente y que muestre los detalles de la receta",
              "fullTitle": "Flujo de recetas Prueba seleccionar receta random en categoria existente y que muestre los detalles de la receta",
              "timedOut": null,
              "duration": 646,
              "state": "passed",
              "speed": "fast",
              "pass": true,
              "fail": false,
              "pending": false,
              "context": null,
              "code": "cy.intercept(\"GET\", \"**/api/recetas/random/Almuerzo%2FCena\", {\n  statusCode: 200,\n  body: {\n    _id: \"abc123\",\n    titulo: \"Receta random\"\n  }\n}).as(\"getRandom\");\ncy.intercept(\"GET\", \"**/api/detalles/abc123\", {\n  statusCode: 200,\n  body: {\n    _id: \"abc123\",\n    titulo: \"Receta random\",\n    categoria: \"Almuerzo/Cena\",\n    tiempoPreparacion: 30,\n    dificultad: \"Intermedio\",\n    imagen: \"https://res.cloudinary.com/dzaqvpxqk/image/upload/v1773853635/recetas/ux6fcesvzxl3scqe0hmy.jpg\",\n    ingredientes: [\"carne, pan, lechuga, tomate, morron, zanhaoria\"],\n    ingredientesCantidades: [\"sal: 20gr \\n harina:200gr \\n Agua: 250cc\"],\n    pasos: [\"Este es el paso 1\", \"Este es el paso 2\", \"Tercer paso\", \"Cuarto y ultimo paso\"],\n    usuario: {\n      _id: \"123456789\",\n      nombre: \"test\"\n    },\n    fecha: \"2026-02-20T20:05:32.558+00:00\",\n    comentarios: [{\n      _id: \"comentario1\",\n      usuario: {\n        _id: \"user1\",\n        nombre: \"Usuario 1\",\n        imagenPerfil: \"https://res.cloudinary.com/dzaqvpxqk/image/upload/v1773853635/recetas/ux6fcesvzxl3scqe0hmy.jpg\"\n      },\n      comentario: \"¡Excelente receta! Me encantó el sabor y la facilidad de preparación.\",\n      fecha: \"2026-02-21T15:30:00.000+00:00\"\n    }]\n  }\n}).as(\"getDetalles\");\ncy.visit(\"/inicio\");\ncy.get(\".dropdown\").trigger(\"mouseover\");\ncy.contains(\"Almuerzo/Cena\").click();\ncy.wait(\"@getRandom\");\ncy.wait(\"@getDetalles\");\ncy.url().should(\"include\", \"/detalle-receta/receta-random/abc123\");\ncy.get(\".detalles-titulo\").should(\"contain\", \"Receta random\");\ncy.get(\".detalles-categoria span\").should(\"contain\", \"Almuerzo/Cena\");\ncy.get(\"#imagen-receta-preview\").should(\"be.visible\").and($img => {\n  expect($img[0].naturalWidth).to.be.greaterThan(0);\n});\ncy.get(\".detalles-pasos\").should(\"contain\", \"Este es el paso 1\");\ncy.get(\".detalles-cantidades\").should(\"contain\", \"Sal:20gr\");",
              "err": {},
              "uuid": "5a6b73dc-6673-49fc-b8be-e6f194ee0d3c",
              "parentUUID": "11f7fe2e-ce16-4ede-827a-97562144b1b0",
              "isHook": false,
              "skipped": false
            },
            {
              "title": "Verificar correcto funcionamiento del boton de compartir receta",
              "fullTitle": "Flujo de recetas Verificar correcto funcionamiento del boton de compartir receta",
              "timedOut": null,
              "duration": 724,
              "state": "passed",
              "speed": "fast",
              "pass": true,
              "fail": false,
              "pending": false,
              "context": null,
              "code": "cy.intercept(\"GET\", \"**/api/detalles/abc123\", {\n  statusCode: 200,\n  body: {\n    _id: \"abc123\",\n    titulo: \"Receta random\",\n    categoria: \"Almuerzo/Cena\",\n    tiempoPreparacion: 30,\n    dificultad: \"Intermedio\",\n    imagen: \"https://res.cloudinary.com/dzaqvpxqk/image/upload/v1773853635/recetas/ux6fcesvzxl3scqe0hmy.jpg\",\n    ingredientes: [\"carne, pan, lechuga, tomate, morron, zanhaoria\"],\n    ingredientesCantidades: [\"sal: 20gr \\n harina:200gr \\n Agua: 250cc\"],\n    pasos: [\"Paso 1\", \"Paso 2\"],\n    usuario: {\n      _id: \"123456789\",\n      nombre: \"test\"\n    },\n    fecha: \"2026-02-20T20:05:32.558+00:00\",\n    comentarios: []\n  }\n}).as(\"getDetalles\");\ncy.visit(\"/detalle-receta/receta-random/abc123\");\ncy.wait(\"@getDetalles\");\ncy.window().then(win => {\n  cy.stub(win.navigator.clipboard, \"writeText\").as(\"copy\");\n});\ncy.contains(\"Compartir receta\").should(\"be.visible\").click();\ncy.contains(\"Enlace copiado\").should(\"be.visible\");\ncy.location(\"href\").then(currentUrl => {\n  cy.get(\"@copy\").should(\"have.been.calledWith\", currentUrl);\n});",
              "err": {},
              "uuid": "fa7481dc-793e-490e-8fc8-132d62747ca3",
              "parentUUID": "11f7fe2e-ce16-4ede-827a-97562144b1b0",
              "isHook": false,
              "skipped": false
            },
            {
              "title": "Elimina una receta y verifica que ya no aparece en el listado",
              "fullTitle": "Flujo de recetas Elimina una receta y verifica que ya no aparece en el listado",
              "timedOut": null,
              "duration": 1194,
              "state": "passed",
              "speed": "fast",
              "pass": true,
              "fail": false,
              "pending": false,
              "context": null,
              "code": "cy.intercept(\"GET\", \"**/api/detalles/receta1\", {\n  statusCode: 200,\n  body: {\n    _id: \"receta1\",\n    titulo: \"Receta a eliminar\",\n    categoria: \"Almuerzo/Cena\",\n    tiempoPreparacion: 10,\n    dificultad: \"Intermedio\",\n    imagen: \"https://res.cloudinary.com/dzaqvpxqk/image/upload/v1773853635/recetas/ux6fcesvzxl3scqe0hmy.jpg\",\n    ingredientes: [\"carne, pan, lechuga, tomate, morron, zanhaoria\"],\n    ingredientesCantidades: [\"sal: 20gr \\n harina:200gr \\n Agua: 250cc\"],\n    pasos: [\"Paso 1\", \"Paso 2\"],\n    usuario: {\n      _id: \"123456789\",\n      nombre: \"test\"\n    },\n    fecha: \"2026-02-20T20:05:32.558+00:00\",\n    valoracion: 3,\n    comentarios: [],\n    fecha: \"2026-03-17T15:48:43.252+00:00\",\n    createdAt: \"2026-03-17T15:48:43.265+00:00\",\n    updatedAt: \"2026-03-26T19:34:07.370+00:00\"\n  }\n}).as(\"getRecetas\");\ncy.intercept(\"DELETE\", \"**/api/recetas/receta1\", {\n  statusCode: 200,\n  body: {\n    ok: true\n  }\n}).as(\"deleteReceta\");\ncy.intercept(\"GET\", \"**/api/valoraciones/**\", {\n  statusCode: 200,\n  body: {\n    valoracionUsuario: 3\n  }\n}).as(\"getValoracion\");\ncy.visit(\"/inicio\", {\n  onBeforeLoad(win) {\n    win.localStorage.setItem(\"usuario\", JSON.stringify({\n      _id: \"123456789\",\n      nombre: \"test\",\n      email: \"test@example.com\"\n    }));\n  }\n});\ncy.contains(\"Nueva receta\").should(\"be.visible\");\ncy.visit(\"/detalle-receta/receta-a-eliminar/receta1\", {\n  onBeforeLoad(win) {\n    win.localStorage.setItem(\"usuario\", JSON.stringify({\n      _id: \"123456789\",\n      nombre: \"test\",\n      email: \"test@example.com\"\n    }));\n  }\n});\ncy.window().then(win => {\n  console.log(\"LOCAL STORAGE:\", win.localStorage.getItem(\"usuario\"));\n});\ncy.wait(\"@getRecetas\");\ncy.wait(\"@getValoracion\");\ncy.url().should(\"include\", \"/detalle-receta/receta-a-eliminar/receta1\");\ncy.get(\".link-eliminar-receta\").should(\"be.visible\").click();\ncy.contains(\"¿Estás seguro? ¡No podrás revertir esto!\").should(\"be.visible\");\ncy.get(\".boton-confirmar-verde\").should(\"be.visible\").click();\ncy.contains(\"La receta ha sido eliminada con éxito.\").should(\"be.visible\");\ncy.get(\".boton-confirmar-verde\").should(\"be.visible\").click();\ncy.wait(\"@deleteReceta\");\ncy.url().should(\"include\", \"/inicio\");",
              "err": {},
              "uuid": "a3d1485a-eb17-4b63-8284-812a3bf14d3b",
              "parentUUID": "11f7fe2e-ce16-4ede-827a-97562144b1b0",
              "isHook": false,
              "skipped": false
            },
            {
              "title": "Verificar correcto funcionamiento del filtro de búsqueda por título o ingredientes",
              "fullTitle": "Flujo de recetas Verificar correcto funcionamiento del filtro de búsqueda por título o ingredientes",
              "timedOut": null,
              "duration": 2153,
              "state": "passed",
              "speed": "fast",
              "pass": true,
              "fail": false,
              "pending": false,
              "context": null,
              "code": "cy.intercept(\"GET\", \"**/api/recetas\", {\n  statusCode: 200,\n  body: [{\n    _id: \"1\",\n    titulo: \"Torta de frutilla\",\n    ingredientes: [\"frutilla, harina, azucar\"],\n    imagen: \"https://res.cloudinary.com/dzaqvpxqk/image/upload/v1773853635/recetas/ux6fcesvzxl3scqe0hmy.jpg\",\n    usuario: {\n      _id: \"123456789\",\n      nombre: \"test\"\n    },\n    categoria: \"Postre\",\n    tiempoPreparacion: 45,\n    dificultad: \"Difícil\"\n  }, {\n    _id: \"2\",\n    titulo: \"Hamburguesa\",\n    ingredientes: [\"carne, pan, lechuga\"],\n    imagen: \"https://res.cloudinary.com/demo/image/upload/sample.jpg\",\n    usuario: {\n      _id: \"123456789\",\n      nombre: \"test\"\n    },\n    categoria: \"Almuerzo/Cena\",\n    tiempoPreparacion: 10,\n    dificultad: \"Intermedio\"\n  }]\n}).as(\"getRecetas\");\ncy.visit(\"/inicio\", {\n  onBeforeLoad(win) {\n    win.localStorage.setItem(\"usuario\", JSON.stringify({\n      _id: \"123456789\",\n      nombre: \"test\",\n      email: \"test@example.com\"\n    }));\n  }\n});\ncy.wait(\"@getRecetas\");\ncy.get(\"#recetas .tarjeta-receta\").should(\"have.length\", 2);\ncy.get(\".text-filtro\").type(\"Torta\");\ncy.get(\"#recetas .tarjeta-receta\").should(\"have.length\", 1).first().within(() => {\n  cy.get(\"h2\").should(\"contain\", \"Torta de frutilla\");\n});\ncy.get(\"#recetas .tarjeta-receta\").contains(\"Hamburguesa\").should(\"not.exist\");\ncy.get(\".text-filtro\").clear().type(\"fakeingrediente\");\ncy.get(\"#recetas .tarjeta-receta\").should(\"have.length\", 0);\ncy.contains(\"No se encontraron recetas con esos ingredientes.\").should(\"be.visible\");\ncy.get(\".text-filtro\").clear();\ncy.get(\".text-filtro\").type(\"carne\");\ncy.get(\"#recetas .tarjeta-receta\").should(\"have.length\", 1).first().within(() => {\n  cy.get(\"h2\").should(\"contain\", \"Hamburguesa\");\n});\ncy.get(\".text-filtro\").clear().type(\"frutilla harina\");\ncy.get(\"#recetas .tarjeta-receta\").should(\"have.length\", 1).first().within(() => {\n  cy.get(\"h2\").should(\"contain\", \"Torta de frutilla\");\n});",
              "err": {},
              "uuid": "fc2a8a6f-502a-4203-93b6-9eeeb53d8a3a",
              "parentUUID": "11f7fe2e-ce16-4ede-827a-97562144b1b0",
              "isHook": false,
              "skipped": false
            },
            {
              "title": "Deberia permitir editar una receta desde el detalle",
              "fullTitle": "Flujo de recetas Deberia permitir editar una receta desde el detalle",
              "timedOut": null,
              "duration": 1612,
              "state": "passed",
              "speed": "fast",
              "pass": true,
              "fail": false,
              "pending": false,
              "context": null,
              "code": "const usuarioMock = {\n  _id: \"123456789\",\n  nombre: \"test\",\n  email: \"test@test.com\"\n};\n// Mock GET detalle inicial\ncy.intercept(\"GET\", \"**/api/detalles/id1\", {\n  statusCode: 200,\n  body: {\n    _id: \"id1\",\n    titulo: \"Receta 1\",\n    categoria: \"Postre\",\n    dificultad: \"Intermedio\",\n    ingredientes: [\"harina\", \"agua\"],\n    pasos: [\"Paso 1\"],\n    ingredientesCantidades: [\"harina: 100g\"],\n    usuario: {\n      _id: usuarioMock._id,\n      nombre: usuarioMock.nombre,\n      email: usuarioMock.email\n    },\n    valoracion: 0,\n    comentarios: [],\n    imagen: \"/images/default-imagen-perfil.jpg\",\n    fecha: \"2026-06-16T20:05:32.558+00:00\",\n    createdAt: \"2026-06-16T20:05:32.558+00:00\",\n    updatedAt: \"2026-06-16T20:05:32.558+00:00\"\n  }\n}).as(\"getDetalleReceta\");\n// Mock PUT edición\ncy.intercept(\"PUT\", \"**/api/recetas/id1/titulo\", {\n  statusCode: 200,\n  body: {\n    ok: true,\n    receta: {\n      _id: \"id1\",\n      titulo: \"Receta Editada\"\n    }\n  }\n}).as(\"updateReceta\");\n// Mock valoraciones\ncy.intercept(\"GET\", \"**/api/valoraciones/**\", {\n  statusCode: 200,\n  body: {\n    valoracionUsuario: 0\n  }\n}).as(\"getValoracion\");\n// Simular login\ncy.visit(\"/inicio\", {\n  onBeforeLoad(win) {\n    win.localStorage.setItem(\"usuario\", JSON.stringify(usuarioMock));\n  }\n});\n// Ir al detalle\ncy.visit(\"/detalle-receta/receta-1/id1\");\ncy.wait(\"@getDetalleReceta\");\n// Activar modo edición en el titulo de la receta\ncy.get(\".btn-editar-titulo\").should(\"be.visible\").click();\n// Editar título\ncy.get(\".nuevo-titulo\").clear().type(\"Receta Editada\");\n// Guardar cambios\ncy.get(\".btn-guardar-titulo\").click();\n// Verificar request PUT\ncy.wait(\"@updateReceta\").then(interception => {\n  expect(interception.response.statusCode).to.eq(200);\n  const body = interception.request.body;\n  //ver que body sea un json y no un string\n  //console.log(\"El body es\", body);\n  //como es un json, verificar que tenga la propiedad titulo con el valor \"Receta Editada\"\n  expect(body).to.have.property(\"titulo\", \"Receta Editada\");\n});\n// Verificar UI actualizada\ncy.contains(\"Receta Editada\").should(\"be.visible\");",
              "err": {},
              "uuid": "a4df0adc-7916-431a-889c-bcd6f79835c9",
              "parentUUID": "11f7fe2e-ce16-4ede-827a-97562144b1b0",
              "isHook": false,
              "skipped": false
            }
          ],
          "suites": [],
          "passes": [
            "76a0039e-7ef2-4f61-b6fd-e5f566ce68b0",
            "1c6e24ef-c828-4ddf-85b2-88ce265a2ea5",
            "3ac549b1-3edc-4e0b-9b69-4827bc125a65",
            "bc5696fb-d86a-472e-aae2-48ac404c705a",
            "bafed8a6-c2e2-4457-8ab9-31755b9c4a4a",
            "4548aaad-6e05-47b8-9ca0-db4a35f522de",
            "41ef21c1-4a2d-4c99-afdd-b153eb58c593",
            "ed8ada08-594e-4838-b29b-f4dfa05c17ec",
            "efc39c33-c53f-4ca2-b016-751e98dd8278",
            "7cdaa425-d375-4967-83b2-6687a0399860",
            "5a6b73dc-6673-49fc-b8be-e6f194ee0d3c",
            "fa7481dc-793e-490e-8fc8-132d62747ca3",
            "a3d1485a-eb17-4b63-8284-812a3bf14d3b",
            "fc2a8a6f-502a-4203-93b6-9eeeb53d8a3a",
            "a4df0adc-7916-431a-889c-bcd6f79835c9"
          ],
          "failures": [],
          "pending": [],
          "skipped": [],
          "duration": 22712,
          "root": false,
          "rootEmpty": false,
          "_timeout": 2000
        }
      ],
      "passes": [],
      "failures": [],
      "pending": [],
      "skipped": [],
      "duration": 0,
      "root": true,
      "rootEmpty": true,
      "_timeout": 2000
    }
  ],
  "meta": {
    "mocha": {
      "version": "7.2.0"
    },
    "mochawesome": {
      "options": {
        "quiet": false,
        "reportFilename": "mochawesome",
        "saveHtml": false,
        "saveJson": true,
        "consoleReporter": "spec",
        "useInlineDiffs": false,
        "code": true
      },
      "version": "7.1.4"
    },
    "marge": {
      "options": {
        "reportDir": "cypress/reports/json",
        "overwrite": false,
        "html": false,
        "json": true
      },
      "version": "6.3.2"
    }
  }
}