{
  "stats": {
    "suites": 1,
    "tests": 8,
    "passes": 8,
    "pending": 0,
    "failures": 0,
    "start": "2026-07-28T19:42:40.820Z",
    "end": "2026-07-28T19:42:52.192Z",
    "duration": 11372,
    "testsRegistered": 8,
    "passPercent": 100,
    "pendingPercent": 0,
    "other": 0,
    "hasOther": false,
    "skipped": 0,
    "hasSkipped": false
  },
  "results": [
    {
      "uuid": "dd3a6154-db5e-4b58-be0e-815cadf3474b",
      "title": "",
      "fullFile": "cypress\\e2e\\profile.cy.js",
      "file": "cypress\\e2e\\profile.cy.js",
      "beforeHooks": [],
      "afterHooks": [],
      "tests": [],
      "suites": [
        {
          "uuid": "5565355b-d26a-486d-bc03-821b26da0316",
          "title": "Verificacion de perfil de usuario",
          "fullFile": "",
          "file": "",
          "beforeHooks": [],
          "afterHooks": [],
          "tests": [
            {
              "title": "Deberia mostrar el perfil del usuario",
              "fullTitle": "Verificacion de perfil de usuario Deberia mostrar el perfil del usuario",
              "timedOut": null,
              "duration": 1428,
              "state": "passed",
              "speed": "fast",
              "pass": true,
              "fail": false,
              "pending": false,
              "context": null,
              "code": "// Simular login\ncy.visit(\"/inicio\", {\n  onBeforeLoad(win) {\n    win.localStorage.setItem(\"usuario\", JSON.stringify(usuarioMock));\n  }\n});\n// Ir a la página de perfil\ncy.visit(\"/perfil/123456789\");\ncy.contains(\"Perfil del usuario\").should(\"be.visible\");\ncy.get(\".output-nombre-usuario-texto\").should(\"contain\", usuarioMock.nombre);\ncy.get(\".output-email-usuario-texto\").should(\"contain\", usuarioMock.email);\ncy.get(\".imagen-perfil\").should(\"have.attr\", \"src\", usuarioMock.imagenPerfil);",
              "err": {},
              "uuid": "b7ba220e-0ad9-4eb6-bd5e-0754b39c3bcd",
              "parentUUID": "5565355b-d26a-486d-bc03-821b26da0316",
              "isHook": false,
              "skipped": false
            },
            {
              "title": "Deberia mostrar recetas del usuario",
              "fullTitle": "Verificacion de perfil de usuario Deberia mostrar recetas del usuario",
              "timedOut": null,
              "duration": 1445,
              "state": "passed",
              "speed": "fast",
              "pass": true,
              "fail": false,
              "pending": false,
              "context": null,
              "code": "// Simular login\ncy.visit(\"/inicio\", {\n  onBeforeLoad(win) {\n    win.localStorage.setItem(\"usuario\", JSON.stringify(usuarioMock));\n  }\n});\ncy.intercept(\"GET\", \"/api/recetas/usuario/123456789\", {\n  statusCode: 200,\n  body: [{\n    _id: \"id1\",\n    titulo: \"Receta 1\",\n    descripcion: \"Descripción de la receta 1\"\n  }, {\n    _id: \"id2\",\n    titulo: \"Receta 2\",\n    descripcion: \"Descripción de la receta 2\"\n  }]\n}).as(\"getRecetasUsuario\");\n// Ir a la página de perfil\ncy.visit(\"/perfil/123456789\");\ncy.wait(\"@getRecetasUsuario\");\ncy.contains(\"Perfil del usuario\").should(\"be.visible\");\n// Verificar que las recetas del usuario se muestran\ncy.contains(\"Ver recetas del usuario\").should(\"be.visible\").click();\n//Verifico que se encuentren las 2 recetas mockeadas en el panel\ncy.get(\".recetas-del-usuario\").within(() => {\n  cy.contains(\"Receta 1\").should(\"be.visible\");\n  cy.contains(\"Receta 2\").should(\"be.visible\");\n});",
              "err": {},
              "uuid": "a2ea042f-b3a0-4fec-a00a-d1570dfc1956",
              "parentUUID": "5565355b-d26a-486d-bc03-821b26da0316",
              "isHook": false,
              "skipped": false
            },
            {
              "title": "Navegacion a detalle de receta desde el panel de recetas en el perfil del usuario",
              "fullTitle": "Verificacion de perfil de usuario Navegacion a detalle de receta desde el panel de recetas en el perfil del usuario",
              "timedOut": null,
              "duration": 1117,
              "state": "passed",
              "speed": "fast",
              "pass": true,
              "fail": false,
              "pending": false,
              "context": null,
              "code": "//Intercept necesario para mostrar el detalle de la receta al hacer click en la receta mockeada\ncy.intercept(\"GET\", \"/api/detalles/id1\", {\n  statusCode: 200,\n  body: {\n    _id: \"id1\",\n    titulo: \"Receta 1\",\n    ingredientesCantidades: [],\n    pasos: [],\n    comentarios: [],\n    usuario: {\n      _id: usuarioMock._id,\n      nombre: usuarioMock.nombre,\n      email: usuarioMock.email\n    }\n  }\n}).as(\"getDetalleReceta\");\ncy.intercept(\"GET\", \"**/api/valoraciones/**\", {\n  statusCode: 200,\n  body: {\n    valoracionUsuario: 0\n  }\n}).as(\"getValoracion\");\n// Simular login\ncy.visit(\"/inicio\", {\n  onBeforeLoad(win) {\n    win.localStorage.setItem(\"usuario\", JSON.stringify(usuarioMock));\n  }\n});\ncy.intercept(\"GET\", \"/api/recetas/usuario/123456789\", {\n  statusCode: 200,\n  body: [{\n    _id: \"id1\",\n    titulo: \"Receta 1\",\n    descripcion: \"Descripción de la receta 1\"\n  }]\n}).as(\"getRecetasUsuario\");\n// Ir a la página de perfil\ncy.visit(\"/perfil/123456789\");\ncy.wait(\"@getRecetasUsuario\");\n// Verificar que las recetas del usuario se muestran\ncy.contains(\"Ver recetas del usuario\").should(\"be.visible\").click();\n// Verificar que se navega al detalle de la receta al hacer click\ncy.get(\".recetas-del-usuario\").within(() => {\n  cy.contains(\"Receta 1\").should(\"be.visible\").click();\n});\ncy.wait(\"@getDetalleReceta\");\n// Verificar que se navega a la página de detalle de la receta\ncy.url().should(\"include\", \"/detalle-receta/receta-1/id1\");",
              "err": {},
              "uuid": "679592e2-63e3-4235-9ba8-9139269838e7",
              "parentUUID": "5565355b-d26a-486d-bc03-821b26da0316",
              "isHook": false,
              "skipped": false
            },
            {
              "title": "Deberia mostrar mensaje de error al no encontrar recetas del usuario",
              "fullTitle": "Verificacion de perfil de usuario Deberia mostrar mensaje de error al no encontrar recetas del usuario",
              "timedOut": null,
              "duration": 823,
              "state": "passed",
              "speed": "fast",
              "pass": true,
              "fail": false,
              "pending": false,
              "context": null,
              "code": "// Simular login\ncy.visit(\"/inicio\", {\n  onBeforeLoad(win) {\n    win.localStorage.setItem(\"usuario\", JSON.stringify(usuarioMock));\n  }\n});\n// Simular error al obtener recetas del usuario trayendio un array vacio\ncy.intercept(\"GET\", \"/api/recetas/usuario/123456789\", {\n  statusCode: 200,\n  body: []\n}).as(\"getRecetasUsuarioVacio\");\n// Ir a la página de perfil\ncy.visit(\"/perfil/123456789\");\ncy.wait(\"@getRecetasUsuarioVacio\");\ncy.get(\".link-lista-recetas\").should(\"be.visible\").click();\n// Verificar que se muestra el mensaje de error\ncy.get(\".recetas-del-usuario\").contains(\"No tienes recetas subidas aún.\").should(\"be.visible\");",
              "err": {},
              "uuid": "31048b3c-aa71-41fa-93c8-ff087b84c22d",
              "parentUUID": "5565355b-d26a-486d-bc03-821b26da0316",
              "isHook": false,
              "skipped": false
            },
            {
              "title": "Deberia mostrar mensaje de no notificaciones en el perfil del usuario",
              "fullTitle": "Verificacion de perfil de usuario Deberia mostrar mensaje de no notificaciones en el perfil del usuario",
              "timedOut": null,
              "duration": 810,
              "state": "passed",
              "speed": "fast",
              "pass": true,
              "fail": false,
              "pending": false,
              "context": null,
              "code": "// Simular login\ncy.visit(\"/inicio\", {\n  onBeforeLoad(win) {\n    win.localStorage.setItem(\"usuario\", JSON.stringify(usuarioMock));\n  }\n});\n// Ir a la página de perfil\ncy.visit(\"/perfil/123456789\");\n// Verificar que se muestra el mensaje de que no hay notificaciones\ncy.get(\".icono-notificaciones\").should(\"be.visible\").click();\ncy.get(\".lista-notificaciones\").contains(\"No tienes notificaciones.\").should(\"be.visible\");",
              "err": {},
              "uuid": "e3908a3c-fabc-43f1-8308-75a3030350a2",
              "parentUUID": "5565355b-d26a-486d-bc03-821b26da0316",
              "isHook": false,
              "skipped": false
            },
            {
              "title": "Deberia mostrar notificaciones en el perfil del usuario",
              "fullTitle": "Verificacion de perfil de usuario Deberia mostrar notificaciones en el perfil del usuario",
              "timedOut": null,
              "duration": 1661,
              "state": "passed",
              "speed": "fast",
              "pass": true,
              "fail": false,
              "pending": false,
              "context": null,
              "code": "// Simular login\ncy.visit(\"/inicio\", {\n  onBeforeLoad(win) {\n    win.localStorage.setItem(\"usuario\", JSON.stringify(usuarioMock));\n  }\n});\ncy.intercept(\"GET\", \"**/api/notificaciones/123456789\", {\n  statusCode: 200,\n  body: [{\n    _id: \"notificacion1\",\n    usuarioDestino: 123456789,\n    mensaje: \"@usuario1 comentó en tu receta 'Receta 1'\",\n    enlace: \"/detalle-receta/receta-1/id1\",\n    leida: false\n  }]\n}).as(\"getNotificacionesUsuario\");\ncy.intercept(\"PUT\", \"**/api/notificaciones/marcarLeida/notificacion1\", {\n  statusCode: 200,\n  body: {}\n}).as(\"marcarLeida\");\ncy.intercept(\"GET\", \"**/api/detalles/id1\", {\n  statusCode: 200,\n  body: {\n    _id: \"id1\",\n    titulo: \"Receta 1\",\n    categoria: \"Veggie\",\n    dificultad: \"Intermedio\",\n    tiempoPreparacion: 30,\n    ingredientesCantidades: [\"100g\"],\n    pasos: [\"Paso 1\"],\n    comentarios: [],\n    usuario: {\n      _id: usuarioMock._id,\n      nombre: usuarioMock.nombre,\n      email: usuarioMock.email\n    },\n    imagen: \"/images/default-imagen-perfil.jpg\"\n  }\n}).as(\"detalle\");\ncy.intercept(\"GET\", \"**/api/recetas/usuario/**\", {\n  statusCode: 200,\n  body: []\n}).as(\"getRecetasUsuario\");\ncy.intercept(\"GET\", \"**/api/valoraciones/**\", {\n  statusCode: 200,\n  body: {\n    valoracionUsuario: 0\n  }\n}).as(\"getValoracion\");\ncy.intercept(\"GET\", `**/api/usuarios/${usuarioMock._id}/favoritos`, {\n  statusCode: 200,\n  body: []\n}).as(\"getFavoritos\");\n// Ir a la página de perfil\ncy.visit(`/perfil/${usuarioMock._id}`);\ncy.wait(\"@getNotificacionesUsuario\");\n// Verificar que se muestra la notificación\ncy.get(\".icono-notificaciones\").should(\"be.visible\").click();\ncy.get(\".lista-notificaciones\").within(() => {\n  cy.contains(\"@usuario1 comentó en tu receta 'Receta 1'\").should(\"be.visible\").click();\n});\ncy.wait(\"@detalle\");\ncy.wait(\"@getValoracion\");\n// Verificar que se navega al detalle de la receta al hacer click en la notificación\ncy.location(\"pathname\").should(\"include\", \"/detalle-receta\");",
              "err": {},
              "uuid": "0a298782-1b91-4dc1-8056-30526fcc2736",
              "parentUUID": "5565355b-d26a-486d-bc03-821b26da0316",
              "isHook": false,
              "skipped": false
            },
            {
              "title": "Deberia navegar al detalle y mostrar la receta",
              "fullTitle": "Verificacion de perfil de usuario Deberia navegar al detalle y mostrar la receta",
              "timedOut": null,
              "duration": 753,
              "state": "passed",
              "speed": "fast",
              "pass": true,
              "fail": false,
              "pending": false,
              "context": null,
              "code": "// Simular click en una receta del usuario\ncy.intercept(\"GET\", \"**/api/recetas/usuario/123456789\", {\n  statusCode: 200,\n  body: [{\n    _id: \"id1\",\n    titulo: \"Receta 1\",\n    categoria: \"Veggie\",\n    dificultad: \"Intermedia\",\n    ingredientes: [\"Ingrediente 1\", \"Ingrediente 2\"],\n    pasos: [\"Paso 1\", \"Paso 2\"],\n    descripcion: \"Descripción de la receta 1\",\n    usuario: usuarioMock._id,\n    valoracion: 0,\n    ingredientesCantidades: [\"Ingrediente 1:100g \\n Ingrediente 2: 200g\"]\n  }]\n}).as(\"getRecetasUsuario\");\ncy.intercept(\"GET\", \"**/api/detalles/id1\", {\n  statusCode: 200,\n  body: {\n    _id: \"id1\",\n    titulo: \"Receta 1\",\n    categoria: \"Veggie\",\n    dificultad: \"Intermedio\",\n    ingredientes: [\"Ingrediente 1\", \"Ingrediente 2\"],\n    pasos: [\"Paso 1\", \"Paso 2\"],\n    usuario: {\n      _id: usuarioMock._id,\n      nombre: usuarioMock.nombre,\n      email: usuarioMock.email\n    },\n    valoracion: 0,\n    tiempoPreparacion: 30,\n    ingredientesCantidades: [\"Ingrediente 1:100g \\n Ingrediente 2: 200g\"],\n    comentarios: [],\n    imagen: \"/images/default-imagen-perfil.jpg\"\n  }\n}).as(\"getDetalleReceta\");\ncy.intercept(\"GET\", \"**/api/valoraciones/**\", {\n  statusCode: 200,\n  body: {\n    valoracionUsuario: 0\n  }\n}).as(\"getValoracion\");\n// Simular login\ncy.visit(\"/inicio\", {\n  onBeforeLoad(win) {\n    win.localStorage.setItem(\"usuario\", JSON.stringify(usuarioMock));\n  }\n});\n// Ir a la página de perfil\ncy.visit(\"/perfil/123456789\");\ncy.wait(\"@getRecetasUsuario\");\ncy.contains(\"Ver recetas del usuario\").should(\"be.visible\").click();\ncy.get(\".recetas-del-usuario\").within(() => {\n  cy.contains(\"Receta 1\").should(\"be.visible\").click();\n});\ncy.wait(\"@getDetalleReceta\");\n// Verificar que se navega a la página de detalle de la receta\ncy.url().should(\"include\", \"/detalle-receta/receta-1/id1\");\n// Verificar que se muestra el título y descripción de la receta\ncy.contains(\"Receta \").should(\"be.visible\");",
              "err": {},
              "uuid": "cfeb81b0-6efc-4f70-9469-ed13e51a71f6",
              "parentUUID": "5565355b-d26a-486d-bc03-821b26da0316",
              "isHook": false,
              "skipped": false
            },
            {
              "title": "Deberia permitir editar el perfil del usuario",
              "fullTitle": "Verificacion de perfil de usuario Deberia permitir editar el perfil del usuario",
              "timedOut": null,
              "duration": 2847,
              "state": "passed",
              "speed": "fast",
              "pass": true,
              "fail": false,
              "pending": false,
              "context": null,
              "code": "// Simular login\ncy.visit(\"/inicio\", {\n  onBeforeLoad(win) {\n    win.localStorage.setItem(\"usuario\", JSON.stringify(usuarioMock));\n  }\n});\ncy.intercept(\"PUT\", \"**/api/usuarios/actualizarPerfil/123456789\", req => {\n  req.reply({\n    statusCode: 200,\n    body: req.body\n  });\n}).as(\"putUsuario\");\n// Ir a la página de perfil\ncy.visit(\"/perfil/usuarioMock._id\");\ncy.get(\".output-nombre-usuario-texto\").should(\"contain\", usuarioMock.nombre);\ncy.get(\".output-email-usuario-texto\").should(\"contain\", usuarioMock.email);\ncy.get(\".btn-editar-user\").should(\"be.visible\").click();\ncy.get(\".input-nuevo-nombre\").should(\"be.visible\").clear().type(\"NuevoNombre\");\ncy.get(\".btn-guardar-icon\").should(\"be.visible\").click();\ncy.contains(\"OK\").should(\"be.visible\").click();\ncy.wait(\"@putUsuario\").then(({\n  request\n}) => {\n  expect(request.body.nombre).to.eq(\"NuevoNombre\");\n});\ncy.get(\".btn-editar-email\").should(\"be.visible\").click();\ncy.get(\".input-nuevo-email\").should(\"be.visible\").clear().type(\"nuevoemail@example.com\");\ncy.get(\".btn-guardar-icon\").should(\"be.visible\").click();\ncy.contains(\"OK\").should(\"be.visible\").click();\ncy.wait(\"@putUsuario\").then(({\n  request\n}) => {\n  expect(request.body.email).to.eq(\"nuevoemail@example.com\");\n  expect(request.body.nombre).to.eq(\"NuevoNombre\");\n});",
              "err": {},
              "uuid": "a2a24c13-beb8-4939-a28f-09c39b7c0a4e",
              "parentUUID": "5565355b-d26a-486d-bc03-821b26da0316",
              "isHook": false,
              "skipped": false
            }
          ],
          "suites": [],
          "passes": [
            "b7ba220e-0ad9-4eb6-bd5e-0754b39c3bcd",
            "a2ea042f-b3a0-4fec-a00a-d1570dfc1956",
            "679592e2-63e3-4235-9ba8-9139269838e7",
            "31048b3c-aa71-41fa-93c8-ff087b84c22d",
            "e3908a3c-fabc-43f1-8308-75a3030350a2",
            "0a298782-1b91-4dc1-8056-30526fcc2736",
            "cfeb81b0-6efc-4f70-9469-ed13e51a71f6",
            "a2a24c13-beb8-4939-a28f-09c39b7c0a4e"
          ],
          "failures": [],
          "pending": [],
          "skipped": [],
          "duration": 10884,
          "root": false,
          "rootEmpty": false,
          "_timeout": 2000
        }
      ],
      "passes": [],
      "failures": [],
      "pending": [],
      "skipped": [],
      "duration": 0,
      "root": true,
      "rootEmpty": true,
      "_timeout": 2000
    }
  ],
  "meta": {
    "mocha": {
      "version": "7.2.0"
    },
    "mochawesome": {
      "options": {
        "quiet": false,
        "reportFilename": "mochawesome",
        "saveHtml": false,
        "saveJson": true,
        "consoleReporter": "spec",
        "useInlineDiffs": false,
        "code": true
      },
      "version": "7.1.4"
    },
    "marge": {
      "options": {
        "reportDir": "cypress/reports/json",
        "overwrite": false,
        "html": false,
        "json": true
      },
      "version": "6.3.2"
    }
  }
}